\BOOKMARK [0][]{chapter.1}{\376\377\0001\000\040\166\364\176\277\217\320\122\250\152\041\127\213}{}% 1
\BOOKMARK [1][]{section.1.1}{\376\377\0001\000.\0001\000\040\000A\123\000\123\330\220\037\116\224\131\047\123\302\145\160\124\214\116\224\131\047\145\271\172\013}{chapter.1}% 2
\BOOKMARK [2][]{subsection.1.1.1}{\376\377\0001\000.\0001\000.\0001\000\040\000A\0001\116\224\131\047\123\302\145\160\124\214\116\224\131\047\145\271\172\013}{section.1.1}% 3
\BOOKMARK [2][]{subsection.1.1.2}{\376\377\0001\000.\0001\000.\0002\000\040\000A\0002\136\163\127\107\220\037\136\246\124\214\116\055\225\364\220\037\136\246}{section.1.1}% 4
\BOOKMARK [3][]{subsubsection.1.1.2.1}{\376\377\0001\000.\0001\000.\0002\000.\0001\000\040\000A\0002\0001\136\163\127\107\220\037\136\246}{subsection.1.1.2}% 5
\BOOKMARK [3][]{subsubsection.1.1.2.2}{\376\377\0001\000.\0001\000.\0002\000.\0002\000\040\000A\0002\0002\123\000\123\330\220\037\166\364\176\277\217\320\122\250\116\055\166\204\116\055\225\364\220\037\136\246}{subsection.1.1.2}% 6
\BOOKMARK [2][]{subsection.1.1.3}{\376\377\0001\000.\0001\000.\0003\000\040\000A\0003\166\364\176\277\217\320\122\250\116\055\166\204\226\114\165\037\121\375\145\160}{section.1.1}% 7
\BOOKMARK [2][]{subsection.1.1.4}{\376\377\0001\000.\0001\000.\0004\000\040\000A\0004\122\071\217\146\226\167\226\061}{section.1.1}% 8
\BOOKMARK [1][]{section.1.2}{\376\377\0001\000.\0002\000\040\000B\142\123\160\271\213\241\145\366\126\150\121\150\152\041\127\213\140\073\176\323}{chapter.1}% 9
\BOOKMARK [2][]{subsection.1.2.1}{\376\377\0001\000.\0002\000.\0001\000\040\000B\0001\142\123\160\271\213\241\145\366\126\150\123\237\164\006}{section.1.2}% 10
\BOOKMARK [3][]{subsubsection.1.2.1.1}{\376\377\0001\000.\0002\000.\0001\000.\0001\000\040\000B\0001\0001\165\065\160\153\202\261\142\123\160\271\213\241\145\366\126\150}{subsection.1.2.1}% 11
\BOOKMARK [3][]{subsubsection.1.2.1.2}{\376\377\0001\000.\0002\000.\0001\000.\0002\000\040\000B\0001\0002\165\065\170\301\137\017\142\123\160\271\213\241\145\366\126\150}{subsection.1.2.1}% 12
\BOOKMARK [3][]{subsubsection.1.2.1.3}{\376\377\0001\000.\0002\000.\0001\000.\0003\000\040\000B\0001\0003\221\115\131\127\116\352\126\150}{subsection.1.2.1}% 13
\BOOKMARK [2][]{subsection.1.2.2}{\376\377\0001\000.\0002\000.\0002\000\040\000B\0002\142\123\160\271\213\241\145\366\126\150\040\024\040\024\213\241\145\366\123\237\164\006}{section.1.2}% 14
\BOOKMARK [3][]{subsubsection.1.2.2.1}{\376\377\0001\000.\0002\000.\0002\000.\0001\000\040\000B\0002\0001\173\111\145\366\143\250\213\272}{subsection.1.2.2}% 15
\BOOKMARK [3][]{subsubsection.1.2.2.2}{\376\377\0001\000.\0002\000.\0002\000.\0002\000\040\000B\0002\0002\142\123\160\271\124\150\147\037\000T\124\214\213\241\145\160\160\271}{subsection.1.2.2}% 16
\BOOKMARK [2][]{subsection.1.2.3}{\376\377\0001\000.\0002\000.\0003\000\040\000B\0003\142\123\160\271\213\241\145\366\126\150\040\024\040\024\155\113\221\317\123\237\164\006}{section.1.2}% 17
\BOOKMARK [3][]{subsubsection.1.2.3.1}{\376\377\0001\000.\0002\000.\0003\000.\0001\000\040\000B\0003\0001\155\113\221\317\220\037\136\246}{subsection.1.2.3}% 18
\BOOKMARK [3][]{subsubsection.1.2.3.2}{\376\377\0001\000.\0002\000.\0003\000.\0002\000\040\000B\0003\0002\155\113\221\317\122\240\220\037\136\246}{subsection.1.2.3}% 19
\BOOKMARK [2][]{subsection.1.2.4}{\376\377\0001\000.\0002\000.\0004\000\040\000B\0004\121\166\116\326\174\173\127\213\142\123\160\271\213\241\145\366\126\150}{section.1.2}% 20
\BOOKMARK [3][]{subsubsection.1.2.4.1}{\376\377\0001\000.\0002\000.\0004\000.\0001\000\040\000B\0004\0001\156\364\154\064\213\241\145\366\126\150}{subsection.1.2.4}% 21
\BOOKMARK [3][]{subsubsection.1.2.4.2}{\376\377\0001\000.\0002\000.\0004\000.\0002\000\040\000B\0004\0002\230\221\225\352\161\147\166\370\147\072}{subsection.1.2.4}% 22
\BOOKMARK [3][]{subsubsection.1.2.4.3}{\376\377\0001\000.\0002\000.\0004\000.\0003\000\040\000B\0004\0003\220\032\217\307\160\271\217\371\122\044\145\255\134\017\217\146\217\320\122\250\145\271\124\021}{subsection.1.2.4}% 23
\BOOKMARK [3][]{subsubsection.1.2.4.4}{\376\377\0001\000.\0002\000.\0004\000.\0004\000\040\000B\0004\0004\146\335\121\111\145\366\225\364}{subsection.1.2.4}% 24
\BOOKMARK [1][]{section.1.3}{\376\377\0001\000.\0003\000\040\000C\122\006\153\265\217\320\122\250}{chapter.1}% 25
\BOOKMARK [2][]{subsection.1.3.1}{\376\377\0001\000.\0003\000.\0001\000\040\000C\0001\173\111\145\366\122\006\153\265\217\320\122\250}{section.1.3}% 26
\BOOKMARK [2][]{subsection.1.3.2}{\376\377\0001\000.\0003\000.\0002\000\040\000C\0002\116\015\173\111\145\366\122\006\153\265\217\320\122\250}{section.1.3}% 27
\BOOKMARK [1][]{section.1.4}{\376\377\0001\000.\0004\000\040\000D\201\352\165\061\204\075\117\123\116\016\172\326\166\364\116\012\142\233}{chapter.1}% 28
\BOOKMARK [2][]{subsection.1.4.1}{\376\377\0001\000.\0004\000.\0001\000\040\000D\0001\201\352\165\061\204\075\117\123\217\320\122\250}{section.1.4}% 29
\BOOKMARK [3][]{subsubsection.1.4.1.1}{\376\377\0001\000.\0004\000.\0001\000.\0001\000\040\000D\0001\0001\201\352\165\061\204\075\117\123\217\320\122\250\166\204\133\232\116\111\124\214\121\154\137\017}{subsection.1.4.1}% 30
\BOOKMARK [3][]{subsubsection.1.4.1.2}{\376\377\0001\000.\0004\000.\0001\000.\0002\000\040\000D\0001\0002\226\073\122\233\133\371\162\151\117\123\166\204\137\161\124\315}{subsection.1.4.1}% 31
\BOOKMARK [3][]{subsubsection.1.4.1.3}{\376\377\0001\000.\0004\000.\0001\000.\0003\000\040\000D\0001\0003\201\352\165\061\204\075\117\123\217\320\122\250\166\204\116\011\131\047\230\230\127\213}{subsection.1.4.1}% 32
\BOOKMARK [2][]{subsection.1.4.2}{\376\377\0001\000.\0004\000.\0002\000\040\000D\0002\172\326\166\364\116\012\142\233\217\320\122\250}{section.1.4}% 33
\BOOKMARK [3][]{subsubsection.1.4.2.1}{\376\377\0001\000.\0004\000.\0002\000.\0001\000\040\000D\0002\0001\116\011\116\052\221\315\211\201\221\317}{subsection.1.4.2}% 34
\BOOKMARK [3][]{subsubsection.1.4.2.2}{\376\377\0001\000.\0004\000.\0002\000.\0002\000\040\000D\0002\0002\133\371\171\360\140\047}{subsection.1.4.2}% 35
\BOOKMARK [1][]{section.1.5}{\376\377\0001\000.\0005\000\040\000E\217\320\122\250\133\146\126\376\120\317\137\122\176\263}{chapter.1}% 36
\BOOKMARK [2][]{subsection.1.5.1}{\376\377\0001\000.\0005\000.\0001\000\040\000E\0001\117\115\177\156\145\366\225\364\000\050\000x\000-\000t\000\051\126\376}{section.1.5}% 37
\BOOKMARK [3][]{subsubsection.1.5.1.1}{\376\377\0001\000.\0005\000.\0001\000.\0001\000\040\000E\0001\0001\164\006\211\343\152\052\176\265\217\164}{subsection.1.5.1}% 38
\BOOKMARK [3][]{subsubsection.1.5.1.2}{\376\377\0001\000.\0005\000.\0001\000.\0002\000\040\000E\0001\0002\164\006\211\343\145\234\163\207}{subsection.1.5.1}% 39
\BOOKMARK [3][]{subsubsection.1.5.1.3}{\376\377\0001\000.\0005\000.\0001\000.\0003\000\040\000E\0001\0003\227\142\171\357}{subsection.1.5.1}% 40
\BOOKMARK [3][]{subsubsection.1.5.1.4}{\376\377\0001\000.\0005\000.\0001\000.\0004\000\040\000E\0001\0004\126\376\120\317\116\244\160\271}{subsection.1.5.1}% 41
\BOOKMARK [3][]{subsubsection.1.5.1.5}{\376\377\0001\000.\0005\000.\0001\000.\0005\000\040\000E\0001\0005\126\376\120\317\226\366\160\271}{subsection.1.5.1}% 42
\BOOKMARK [3][]{subsubsection.1.5.1.6}{\376\377\0001\000.\0005\000.\0001\000.\0006\000\040\000E\0001\0006\126\376\120\317\142\320\160\271}{subsection.1.5.1}% 43
\BOOKMARK [2][]{subsection.1.5.2}{\376\377\0001\000.\0005\000.\0002\000\040\000E\0002\220\037\136\246\145\366\225\364\000\050\000v\000-\000t\000\051\126\376}{section.1.5}% 44
\BOOKMARK [3][]{subsubsection.1.5.2.1}{\376\377\0001\000.\0005\000.\0002\000.\0001\000\040\000E\0002\0001\164\006\211\343\152\052\176\265\217\164}{subsection.1.5.2}% 45
\BOOKMARK [3][]{subsubsection.1.5.2.2}{\376\377\0001\000.\0005\000.\0002\000.\0002\000\040\000E\0002\0002\164\006\211\343\145\234\163\207}{subsection.1.5.2}% 46
\BOOKMARK [3][]{subsubsection.1.5.2.3}{\376\377\0001\000.\0005\000.\0002\000.\0003\000\040\000E\0002\0003\227\142\171\357}{subsection.1.5.2}% 47
\BOOKMARK [3][]{subsubsection.1.5.2.4}{\376\377\0001\000.\0005\000.\0002\000.\0004\000\040\000E\0002\0004\126\376\120\317\116\244\160\271}{subsection.1.5.2}% 48
\BOOKMARK [3][]{subsubsection.1.5.2.5}{\376\377\0001\000.\0005\000.\0002\000.\0005\000\040\000E\0002\0005\126\376\120\317\226\366\160\271}{subsection.1.5.2}% 49
\BOOKMARK [3][]{subsubsection.1.5.2.6}{\376\377\0001\000.\0005\000.\0002\000.\0006\000\040\000E\0002\0006\126\376\120\317\142\320\160\271}{subsection.1.5.2}% 50
\BOOKMARK [2][]{subsection.1.5.3}{\376\377\0001\000.\0005\000.\0003\000\040\000E\0003\122\240\220\037\136\246\145\366\225\364\000\050\000a\000-\000t\000\051\126\376}{section.1.5}% 51
\BOOKMARK [2][]{subsection.1.5.4}{\376\377\0001\000.\0005\000.\0004\000\040\000E\0004\121\166\116\326\174\173\122\053\126\376\120\317}{section.1.5}% 52
\BOOKMARK [3][]{subsubsection.1.5.4.1}{\376\377\0001\000.\0005\000.\0004\000.\0001\000\040\000E\0004\0001\000x\000t\000-\000t\126\376\120\317}{subsection.1.5.4}% 53
\BOOKMARK [3][]{subsubsection.1.5.4.2}{\376\377\0001\000.\0005\000.\0004\000.\0002\000\040\000E\0004\0002\000v\0002\000-\000x\126\376\120\317}{subsection.1.5.4}% 54
\BOOKMARK [3][]{subsubsection.1.5.4.3}{\376\377\0001\000.\0005\000.\0004\000.\0003\000\040\000E\0004\0003\000x\000-\000t\0002\126\376\120\317}{subsection.1.5.4}% 55
\BOOKMARK [3][]{subsubsection.1.5.4.4}{\376\377\0001\000.\0005\000.\0004\000.\0004\000\040\000E\0004\0004\000v\000-\000x\126\376\120\317}{subsection.1.5.4}% 56
\BOOKMARK [1][]{section.1.6}{\376\377\0001\000.\0006\000\040\000F\217\375\121\373\166\370\220\107\152\041\127\213}{chapter.1}% 57
\BOOKMARK [2][]{subsection.1.6.1}{\376\377\0001\000.\0006\000.\0001\000\040\000F\0001\123\125\162\151\117\123\131\032\217\307\172\013\225\356\230\230}{section.1.6}% 58
\BOOKMARK [2][]{subsection.1.6.2}{\376\377\0001\000.\0006\000.\0002\000\040\000F\0002\131\032\162\151\117\123\124\014\145\366\217\320\122\250}{section.1.6}% 59
\BOOKMARK [3][]{subsubsection.1.6.2.1}{\376\377\0001\000.\0006\000.\0002\000.\0001\000\040\000F\0002\0001\121\161\220\037\160\271\166\204\217\320\165\050}{subsection.1.6.2}% 60
\BOOKMARK [3][]{subsubsection.1.6.2.2}{\376\377\0001\000.\0006\000.\0002\000.\0002\000\040\000F\0002\0002\211\343\217\375\121\373\166\370\220\107\166\204\127\372\147\054\131\127\215\357}{subsection.1.6.2}% 61
\BOOKMARK [3][]{subsubsection.1.6.2.3}{\376\377\0001\000.\0006\000.\0002\000.\0003\000\040\000F\0002\0004\116\044\153\041\166\370\220\107\166\204\162\171\153\212\176\323\213\272}{subsection.1.6.2}% 62
\BOOKMARK [0][]{chapter.2}{\376\377\0002\000\040\227\131\122\233\133\146\152\041\127\213}{}% 63
\BOOKMARK [1][]{section.2.1}{\376\377\0002\000.\0001\000\040\000A\123\327\122\233\122\006\147\220\127\372\170\100}{chapter.2}% 64
\BOOKMARK [2][]{subsection.2.1.1}{\376\377\0002\000.\0001\000.\0001\000\040\000A\0001\122\032\176\363\137\071\122\233\152\041\127\213}{section.2.1}% 65
\BOOKMARK [3][]{subsubsection.2.1.1.1}{\376\377\0002\000.\0001\000.\0001\000.\0001\000\040\000A\0001\0001\147\011\176\323\160\271\122\032\140\047\121\111\156\321\217\173\176\363}{subsection.2.1.1}% 66
\BOOKMARK [3][]{subsubsection.2.1.1.2}{\376\377\0002\000.\0001\000.\0001\000.\0002\000\040\000A\0001\0002\145\340\176\323\160\271\122\032\140\047\121\111\156\321\217\173\176\363}{subsection.2.1.1}% 67
\BOOKMARK [2][]{subsection.2.1.2}{\376\377\0002\000.\0001\000.\0002\000\040\000A\0002\217\173\147\106\000/\170\154\147\106\137\071\122\233\152\041\127\213}{section.2.1}% 68
\BOOKMARK [3][]{subsubsection.2.1.2.1}{\376\377\0002\000.\0001\000.\0002\000.\0001\000\040\000A\0002\0001\153\173\147\106}{subsection.2.1.2}% 69
\BOOKMARK [3][]{subsubsection.2.1.2.2}{\376\377\0002\000.\0001\000.\0002\000.\0002\000\040\000A\0002\0002\155\073\147\106}{subsection.2.1.2}% 70
\BOOKMARK [2][]{subsection.2.1.3}{\376\377\0002\000.\0001\000.\0003\000\040\000A\0003\143\245\211\346\174\173\137\071\122\233\152\041\127\213}{section.2.1}% 71
\BOOKMARK [3][]{subsubsection.2.1.3.1}{\376\377\0002\000.\0001\000.\0003\000.\0001\000\040\000A\0002\0003\166\356\150\007\147\106}{subsection.2.1.3}% 72
\BOOKMARK [2][]{subsection.2.1.4}{\376\377\0002\000.\0001\000.\0004\000\040\000A\0004\122\035\211\301\137\071\174\047}{section.2.1}% 73
\BOOKMARK [3][]{subsubsection.2.1.4.1}{\376\377\0002\000.\0001\000.\0004\000.\0001\000\040\000A\0004\0001\200\341\121\113\133\232\137\213}{subsection.2.1.4}% 74
\BOOKMARK [3][]{subsubsection.2.1.4.2}{\376\377\0002\000.\0001\000.\0004\000.\0002\000\040\000A\0004\0002\137\071\174\047\136\166\200\124}{subsection.2.1.4}% 75
\BOOKMARK [3][]{subsubsection.2.1.4.3}{\376\377\0002\000.\0001\000.\0004\000.\0003\000\040\000A\0004\0003\137\071\174\047\116\062\200\124}{subsection.2.1.4}% 76
\BOOKMARK [2][]{subsection.2.1.5}{\376\377\0002\000.\0001\000.\0005\000\040\000A\0005\116\011\171\315\144\151\152\253\122\233}{section.2.1}% 77
\BOOKMARK [3][]{subsubsection.2.1.5.1}{\376\377\0002\000.\0001\000.\0005\000.\0001\000\040\000A\0005\0001\227\131\144\151\152\253\122\233}{subsection.2.1.5}% 78
\BOOKMARK [3][]{subsubsection.2.1.5.2}{\376\377\0002\000.\0001\000.\0005\000.\0002\000\040\000A\0005\0002\156\321\122\250\124\214\156\332\122\250\144\151\152\253\122\233\000\040}{subsection.2.1.5}% 79
\BOOKMARK [2][]{subsection.2.1.6}{\376\377\0002\000.\0001\000.\0006\000\040\000A\0006\122\233\166\204\124\010\142\020\116\016\122\006\211\343}{section.2.1}% 80
\BOOKMARK [3][]{subsubsection.2.1.6.1}{\376\377\0002\000.\0001\000.\0006\000.\0001\000\040\000A\0006\0001\122\233\166\204\124\010\142\020}{subsection.2.1.6}% 81
\BOOKMARK [3][]{subsubsection.2.1.6.2}{\376\377\0002\000.\0001\000.\0006\000.\0002\000\040\000A\0006\0002\122\233\166\204\122\006\211\343}{subsection.2.1.6}% 82
\BOOKMARK [2][]{subsection.2.1.7}{\376\377\0002\000.\0001\000.\0007\000\040\000A\0007\123\327\122\233\122\006\147\220}{section.2.1}% 83
\BOOKMARK [1][]{section.2.2}{\376\377\0002\000.\0002\000\040\000B\227\131\122\233\133\146\152\041\127\213}{chapter.2}% 84
\BOOKMARK [2][]{subsection.2.2.1}{\376\377\0002\000.\0002\000.\0001\000\040\000B\0001\122\233\166\204\122\006\174\173\124\214\116\011\122\233\116\244\154\107}{section.2.2}% 85
\BOOKMARK [3][]{subsubsection.2.2.1.1}{\376\377\0002\000.\0002\000.\0001\000.\0001\000\040\000B\0001\0001\122\233\166\204\116\011\122\006\174\173}{subsection.2.2.1}% 86
\BOOKMARK [3][]{subsubsection.2.2.1.2}{\376\377\0002\000.\0002\000.\0001\000.\0002\000\040\000B\0001\0003\116\011\122\233\116\244\154\107\123\237\164\006}{subsection.2.2.1}% 87
\BOOKMARK [2][]{subsection.2.2.2}{\376\377\0002\000.\0002\000.\0002\000\040\000B\0002\116\011\122\233\227\131\140\001\136\163\210\141}{section.2.2}% 88
\BOOKMARK [2][]{subsection.2.2.3}{\376\377\0002\000.\0002\000.\0003\000\040\000B\0003\116\011\122\233\122\250\140\001\136\163\210\141}{section.2.2}% 89
\BOOKMARK [3][]{subsubsection.2.2.3.1}{\376\377\0002\000.\0002\000.\0003\000.\0001\000\040\000B\0003\0001\116\011\122\233\122\250\140\001\136\163\210\141\000-\140\122\133\232\123\330}{subsection.2.2.3}% 90
\BOOKMARK [3][]{subsubsection.2.2.3.2}{\376\377\0002\000.\0002\000.\0003\000.\0002\000\040\000B\0003\0002\116\011\122\233\122\250\140\001\136\163\210\141\000-\140\122\116\044\123\330}{subsection.2.2.3}% 91
\BOOKMARK [1][]{section.2.3}{\376\377\0002\000.\0003\000\040\000C\174\373\176\337}{chapter.2}% 92
\BOOKMARK [2][]{subsection.2.3.1}{\376\377\0002\000.\0003\000.\0001\000\040\000C\0001\145\164\117\123\154\325}{section.2.3}% 93
\BOOKMARK [2][]{subsection.2.3.2}{\376\377\0002\000.\0003\000.\0002\000\040\000C\0002\226\224\171\273\154\325}{section.2.3}% 94
\BOOKMARK [1][]{section.2.4}{\376\377\0002\000.\0004\000\040\000D\131\032\162\151\117\123\136\163\210\141}{chapter.2}% 95
\BOOKMARK [2][]{subsection.2.4.1}{\376\377\0002\000.\0004\000.\0001\000\040\000D\0001\153\143\116\244\122\006\211\343}{section.2.4}% 96
\BOOKMARK [2][]{subsection.2.4.2}{\376\377\0002\000.\0004\000.\0002\000\040\000D\0002\121\150\123\315\122\233\124\214\121\150\123\315\211\322}{section.2.4}% 97
\BOOKMARK [0][]{chapter.3}{\376\377\0003\000\040\162\133\230\177\133\232\137\213\152\041\127\213}{}% 98
\BOOKMARK [1][]{section.3.1}{\376\377\0003\000.\0001\000\040\000A\162\133\230\177\133\232\137\213\116\011\131\047\127\372\170\100\230\230\127\213}{chapter.3}% 99
\BOOKMARK [2][]{subsection.3.1.1}{\376\377\0003\000.\0001\000.\0001\000\040\000A\0001\162\266\140\001\121\231\162\133\116\214}{section.3.1}% 100
\BOOKMARK [2][]{subsection.3.1.2}{\376\377\0003\000.\0001\000.\0002\000\040\000A\0002\162\133\116\214\166\204\174\373\176\337\136\224\165\050\116\000\377\032\162\133\230\177\215\050\160\271\174\373\145\271\172\013}{section.3.1}% 101
\BOOKMARK [2][]{subsection.3.1.3}{\376\377\0003\000.\0001\000.\0003\000\040\000A\0003\122\240\220\037\136\246\126\376\120\317}{section.3.1}% 102
\BOOKMARK [3][]{subsubsection.3.1.3.1}{\376\377\0003\000.\0001\000.\0003\000.\0001\000\040\000A\0003\0001\000a\000-\000t\126\376\377\010\000F\000-\000t\000\051\126\376}{subsection.3.1.3}% 103
\BOOKMARK [3][]{subsubsection.3.1.3.2}{\376\377\0003\000.\0001\000.\0003\000.\0002\000\040\000A\0003\0002\000a\000-\000x\126\376}{subsection.3.1.3}% 104
\BOOKMARK [3][]{subsubsection.3.1.3.3}{\376\377\0003\000.\0001\000.\0003\000.\0003\000\040\000A\0003\0003\121\170\127\213\166\204\000a\000-\000t\126\376}{subsection.3.1.3}% 105
\BOOKMARK [1][]{section.3.2}{\376\377\0003\000.\0002\000\040\000B\145\234\227\142\225\356\230\230\124\214\173\111\145\366\116\011\211\322\137\142}{chapter.3}% 106
\BOOKMARK [2][]{subsection.3.2.1}{\376\377\0003\000.\0002\000.\0001\000\040\000B\0001\162\151\117\123\127\050\145\234\227\142\116\012\166\204\217\320\122\250\122\006\147\220}{section.3.2}% 107
\BOOKMARK [3][]{subsubsection.3.2.1.1}{\376\377\0003\000.\0002\000.\0001\000.\0001\000\040\000B\0001\0001\123\327\122\233\122\006\147\220\124\214\122\240\220\037\136\246}{subsection.3.2.1}% 108
\BOOKMARK [3][]{subsubsection.3.2.1.2}{\376\377\0003\000.\0002\000.\0001\000.\0002\000\040\000B\0001\0002\116\016\000t\000a\000n\121\163\174\373}{subsection.3.2.1}% 109
\BOOKMARK [3][]{subsubsection.3.2.1.3}{\376\377\0003\000.\0002\000.\0001\000.\0003\000\040\000B\0001\0003\145\234\227\142\116\012\166\204\121\150\123\315\122\233\377\010\226\276\377\011}{subsection.3.2.1}% 110
\BOOKMARK [2][]{subsection.3.2.2}{\376\377\0003\000.\0002\000.\0002\000\040\000B\0002\173\111\145\110\221\315\122\233\127\072}{section.3.2}% 111
\BOOKMARK [3][]{subsubsection.3.2.2.1}{\376\377\0003\000.\0002\000.\0002\000.\0001\000\040\000B\0002\0001\173\111\145\110\215\050\221\317}{subsection.3.2.2}% 112
\BOOKMARK [3][]{subsubsection.3.2.2.2}{\376\377\0003\000.\0002\000.\0002\000.\0002\000\040\000B\0002\0002\173\111\145\110\221\315\122\233\122\240\220\037\136\246}{subsection.3.2.2}% 113
\BOOKMARK [2][]{subsection.3.2.3}{\376\377\0003\000.\0002\000.\0003\000\040\000B\0003\173\111\145\366\116\011\211\322\137\142\000/\173\111\145\366\127\006}{section.3.2}% 114
\BOOKMARK [1][]{section.3.3}{\376\377\0003\000.\0003\000\040\000C\217\336\143\245\117\123\225\356\230\230\121\150\211\343}{chapter.3}% 115
\BOOKMARK [2][]{subsection.3.3.1}{\376\377\0003\000.\0003\000.\0001\000\040\000C\0001\215\050\221\317\122\006\221\115\123\237\164\006}{section.3.3}% 116
\BOOKMARK [3][]{subsubsection.3.3.1.1}{\376\377\0003\000.\0003\000.\0001\000.\0001\000\040\000C\0001\0002\121\205\122\233\154\325\122\031}{subsection.3.3.1}% 117
\BOOKMARK [3][]{subsubsection.3.3.1.2}{\376\377\0003\000.\0003\000.\0001\000.\0002\000\040\000C\0001\0003\165\050\215\050\221\317\122\006\221\115\122\044\145\255\166\370\133\371\156\321\122\250}{subsection.3.3.1}% 118
\BOOKMARK [2][]{subsection.3.3.2}{\376\377\0003\000.\0003\000.\0002\000\040\000C\0002\162\133\116\214\166\204\174\373\176\337\136\224\165\050\116\214\377\032\217\173\176\363\156\321\217\156\217\336\143\245\117\123}{section.3.3}% 119
\BOOKMARK [2][]{subsection.3.3.3}{\376\377\0003\000.\0003\000.\0003\000\040\000C\0003\116\015\121\161\176\277\217\336\143\245\117\123}{section.3.3}% 120
\BOOKMARK [2][]{subsection.3.3.4}{\376\377\0003\000.\0003\000.\0004\000\040\000C\0004\116\015\121\161\176\277\217\336\143\245\117\123\377\032\121\205\122\233\122\240\220\037\136\246\116\015\121\161\176\277}{section.3.3}% 121
\BOOKMARK [1][]{section.3.4}{\376\377\0003\000.\0004\000\040\000D\137\071\122\233\172\201\123\330\116\016\167\254\145\366\122\240\220\037\136\246\225\356\230\230}{chapter.3}% 122
\BOOKMARK [2][]{subsection.3.4.1}{\376\377\0003\000.\0004\000.\0001\000\040\000D\0001\137\071\174\047\166\204\172\201\123\330\225\356\230\230}{section.3.4}% 123
\BOOKMARK [3][]{subsubsection.3.4.1.1}{\376\377\0003\000.\0004\000.\0001\000.\0001\000\040\000D\0001\0001\137\071\174\047\137\071\122\233\166\204\133\130\127\050\147\141\116\366}{subsection.3.4.1}% 124
\BOOKMARK [3][]{subsubsection.3.4.1.2}{\376\377\0003\000.\0004\000.\0001\000.\0002\000\040\000D\0001\0002\122\152\145\255\137\071\174\047\166\204\211\343\221\312}{subsection.3.4.1}% 125
\BOOKMARK [3][]{subsubsection.3.4.1.3}{\376\377\0003\000.\0004\000.\0001\000.\0003\000\040\000D\0001\0003\116\015\122\152\145\255\137\071\174\047}{subsection.3.4.1}% 126
\BOOKMARK [2][]{subsection.3.4.2}{\376\377\0003\000.\0004\000.\0002\000\040\000D\0002\217\173\176\363\166\204\172\201\123\330\225\356\230\230}{section.3.4}% 127
\BOOKMARK [3][]{subsubsection.3.4.2.1}{\376\377\0003\000.\0004\000.\0002\000.\0001\000\040\000D\0002\0001\122\032\176\363\137\071\122\233\166\204\133\130\127\050\147\141\116\366}{subsection.3.4.2}% 128
\BOOKMARK [3][]{subsubsection.3.4.2.2}{\376\377\0003\000.\0004\000.\0002\000.\0002\000\040\000D\0002\0002\122\152\145\255\122\032\176\363}{subsection.3.4.2}% 129
\BOOKMARK [3][]{subsubsection.3.4.2.3}{\376\377\0003\000.\0004\000.\0002\000.\0003\000\040\000D\0002\0003\116\015\122\152\145\255\122\032\176\363}{subsection.3.4.2}% 130
\BOOKMARK [2][]{subsection.3.4.3}{\376\377\0003\000.\0004\000.\0003\000\040\000D\0003\143\245\211\346\174\173\137\071\122\233\172\201\123\330\225\356\230\230}{section.3.4}% 131
\BOOKMARK [2][]{subsection.3.4.4}{\376\377\0003\000.\0004\000.\0004\000\040\000D\0004\144\151\152\253\122\233\172\201\123\330\225\356\230\230}{section.3.4}% 132
\BOOKMARK [1][]{section.3.5}{\376\377\0003\000.\0005\000\040\000E\215\205\131\061\221\315\116\016\137\071\174\047\143\057\133\120}{chapter.3}% 133
\BOOKMARK [2][]{subsection.3.5.1}{\376\377\0003\000.\0005\000.\0001\000\040\000E\0001\215\205\221\315\131\061\221\315}{section.3.5}% 134
\BOOKMARK [2][]{subsection.3.5.2}{\376\377\0003\000.\0005\000.\0002\000\040\000E\0002\137\071\174\047\123\125\143\057\133\120\377\010\116\011\153\265\137\017\060\001\116\224\153\265\137\017\377\011}{section.3.5}% 135
\BOOKMARK [2][]{subsection.3.5.3}{\376\377\0003\000.\0005\000.\0003\000\040\000E\0003\137\071\174\047\123\314\143\057\133\120\166\204\122\006\171\273\162\171\140\047}{section.3.5}% 136
\BOOKMARK [1][]{section.3.6}{\376\377\0003\000.\0006\000\040\000F\147\177\127\127\217\320\122\250\116\224\153\145\154\325}{chapter.3}% 137
\BOOKMARK [2][]{subsection.3.6.1}{\376\377\0003\000.\0006\000.\0001\000\040\000F\0001\147\177\127\127\217\320\122\250\117\115\171\373\121\163\174\373}{section.3.6}% 138
\BOOKMARK [2][]{subsection.3.6.2}{\376\377\0003\000.\0006\000.\0002\000\040\000F\0002\147\177\127\127\217\320\122\250\116\224\153\145\154\325}{section.3.6}% 139
\BOOKMARK [1][]{section.3.7}{\376\377\0003\000.\0007\000\040\000G\172\172\154\024\226\073\122\233\116\013\166\204\166\364\176\277\217\320\122\250}{chapter.3}% 140
\BOOKMARK [2][]{subsection.3.7.1}{\376\377\0003\000.\0007\000.\0001\000\040\000G\0001\220\032\140\047\211\343\154\325}{section.3.7}% 141
\BOOKMARK [1][]{section.3.8}{\376\377\0003\000.\0008\000\040\000H\126\333\174\173\117\040\220\001\136\046\225\356\230\230}{chapter.3}% 142
\BOOKMARK [2][]{subsection.3.8.1}{\376\377\0003\000.\0008\000.\0001\000\040\000H\0001\154\064\136\163\124\014\124\021\377\010\121\161\220\037\215\213\122\277\377\011}{section.3.8}% 143
\BOOKMARK [2][]{subsection.3.8.2}{\376\377\0003\000.\0008\000.\0002\000\040\000H\0002\154\064\136\163\123\315\124\021\377\010\121\161\220\037\215\213\122\277\377\011}{section.3.8}% 144
\BOOKMARK [2][]{subsection.3.8.3}{\376\377\0003\000.\0008\000.\0003\000\040\000H\0003\120\076\145\234\124\021\116\012\117\040\220\001\136\046\377\010\121\110\122\240\121\215\123\000\377\011}{section.3.8}% 145
\BOOKMARK [2][]{subsection.3.8.4}{\376\377\0003\000.\0008\000.\0004\000\040\000H\0004\120\076\145\234\124\021\116\013\117\040\220\001\136\046\377\010\121\110\122\240\121\215\123\000\377\011}{section.3.8}% 146
\BOOKMARK [0][]{chapter.4}{\376\377\0004\000\040\146\362\176\277\217\320\122\250}{}% 147
\BOOKMARK [1][]{section.4.1}{\376\377\0004\000.\0001\000\040\000A\146\362\176\277\217\320\122\250\127\372\147\054\151\202\137\365}{chapter.4}% 148
\BOOKMARK [1][]{section.4.2}{\376\377\0004\000.\0002\000\040\000B\220\037\136\246\166\204\124\010\142\020\116\016\122\006\211\343}{chapter.4}% 149
\BOOKMARK [2][]{subsection.4.2.1}{\376\377\0004\000.\0002\000.\0001\000\040\000B\0001\220\037\136\246\121\163\200\124\117\123}{section.4.2}% 150
\BOOKMARK [3][]{subsubsection.4.2.1.1}{\376\377\0004\000.\0002\000.\0001\000.\0001\000\040\000B\0001\0001\174\173\127\213\116\000\377\032\122\032\140\047\176\363\000+\133\232\156\321\217\156}{subsection.4.2.1}% 151
\BOOKMARK [3][]{subsubsection.4.2.1.2}{\376\377\0004\000.\0002\000.\0001\000.\0002\000\040\000B\0001\0002\174\173\127\213\116\214\377\032\122\032\140\047\176\363\000+\122\250\156\321\217\156}{subsection.4.2.1}% 152
\BOOKMARK [3][]{subsubsection.4.2.1.3}{\376\377\0004\000.\0002\000.\0001\000.\0003\000\040\000B\0001\0003\174\173\127\213\116\011\377\032\137\071\140\047\176\363}{subsection.4.2.1}% 153
\BOOKMARK [3][]{subsubsection.4.2.1.4}{\376\377\0004\000.\0002\000.\0001\000.\0004\000\040\000B\0001\0004\174\173\127\213\126\333\377\032\143\245\211\346\174\173\220\037\136\246\121\163\200\124\117\123}{subsection.4.2.1}% 154
\BOOKMARK [3][]{subsubsection.4.2.1.5}{\376\377\0004\000.\0002\000.\0001\000.\0005\000\040\000B\0001\0005\174\173\127\213\116\224\377\032\143\245\211\346\174\173\220\037\136\246\121\163\200\124\117\123}{subsection.4.2.1}% 155
\BOOKMARK [1][]{section.4.3}{\376\377\0004\000.\0003\000\040\000C\136\163\142\233\217\320\122\250}{chapter.4}% 156
\BOOKMARK [2][]{subsection.4.3.1}{\376\377\0004\000.\0003\000.\0001\000\040\000C\0001\136\163\142\233\217\320\122\250\166\204\127\372\147\054\123\237\164\006}{section.4.3}% 157
\BOOKMARK [3][]{subsubsection.4.3.1.1}{\376\377\0004\000.\0003\000.\0001\000.\0001\000\040\000C\0001\0001\136\163\142\233\217\320\122\250\166\204\127\372\147\054\123\237\164\006}{subsection.4.3.1}% 158
\BOOKMARK [3][]{subsubsection.4.3.1.2}{\376\377\0004\000.\0003\000.\0001\000.\0002\000\040\000C\0001\0002\136\163\142\233\217\320\122\250\166\204\116\044\116\052\127\372\147\054\143\250\213\272}{subsection.4.3.1}% 159
\BOOKMARK [3][]{subsubsection.4.3.1.3}{\376\377\0004\000.\0003\000.\0001\000.\0003\000\040\000C\0001\0003\123\360\226\066\225\356\230\230}{subsection.4.3.1}% 160
\BOOKMARK [2][]{subsection.4.3.2}{\376\377\0004\000.\0003\000.\0002\000\040\000C\0002\136\163\142\233\217\320\122\250\124\214\145\234\227\142\176\374\124\010\225\356\230\230}{section.4.3}% 161
\BOOKMARK [3][]{subsubsection.4.3.2.1}{\376\377\0004\000.\0003\000.\0002\000.\0001\000\040\000C\0002\0001\230\166\142\233\136\225\204\075\127\213}{subsection.4.3.2}% 162
\BOOKMARK [3][]{subsubsection.4.3.2.2}{\376\377\0004\000.\0003\000.\0002\000.\0002\000\040\000C\0002\0002\172\172\142\233\127\202\204\075\127\213}{subsection.4.3.2}% 163
\BOOKMARK [3][]{subsubsection.4.3.2.3}{\376\377\0004\000.\0003\000.\0002\000.\0003\000\040\000C\0002\0003\136\163\142\233\144\236\127\006}{subsection.4.3.2}% 164
\BOOKMARK [1][]{section.4.4}{\376\377\0004\000.\0004\000\040\000D\142\233\117\123\217\320\122\250}{chapter.4}% 165
\BOOKMARK [2][]{subsection.4.4.1}{\376\377\0004\000.\0004\000.\0001\000\040\000D\0001\145\234\116\012\142\233\217\320\122\250}{section.4.4}% 166
\BOOKMARK [2][]{subsection.4.4.2}{\376\377\0004\000.\0004\000.\0002\000\040\000D\0002\142\233\117\123\217\320\122\250\220\006\124\021\140\035\176\364}{section.4.4}% 167
\BOOKMARK [1][]{section.4.5}{\376\377\0004\000.\0005\000\040\000E\123\302\200\003\174\373\123\330\143\142\000\050\116\206\211\343\123\163\123\357\000\051}{chapter.4}% 168
\BOOKMARK [1][]{section.4.6}{\376\377\0004\000.\0006\000\040\000F\127\006\124\150\217\320\122\250}{chapter.4}% 169
\BOOKMARK [2][]{subsection.4.6.1}{\376\377\0004\000.\0006\000.\0001\000\040\000F\0001\127\006\124\150\217\320\122\250\127\372\147\054\123\237\164\006}{section.4.6}% 170
\BOOKMARK [3][]{subsubsection.4.6.1.1}{\376\377\0004\000.\0006\000.\0001\000.\0001\000\040\000F\0001\0001\127\006\124\150\217\320\122\250\127\372\147\054\121\154\137\017}{subsection.4.6.1}% 171
\BOOKMARK [3][]{subsubsection.4.6.1.2}{\376\377\0004\000.\0006\000.\0001\000.\0002\000\040\000F\0001\0002\142\323\134\125\121\154\137\017}{subsection.4.6.1}% 172
\BOOKMARK [2][]{subsection.4.6.2}{\376\377\0004\000.\0006\000.\0002\000\040\000F\0002\124\014\153\145\217\154\122\250}{section.4.6}% 173
\BOOKMARK [2][]{subsection.4.6.3}{\376\377\0004\000.\0006\000.\0003\000\040\000F\0003\217\146\217\156\166\204\217\154\122\250}{section.4.6}% 174
\BOOKMARK [3][]{subsubsection.4.6.3.1}{\376\377\0004\000.\0006\000.\0003\000.\0001\000\040\000F\0003\0001\123\327\122\233\140\305\121\265}{subsection.4.6.3}% 175
\BOOKMARK [3][]{subsubsection.4.6.3.2}{\376\377\0004\000.\0006\000.\0003\000.\0002\000\040\000F\0003\0002\217\320\122\250\137\142\137\017}{subsection.4.6.3}% 176
\BOOKMARK [2][]{subsection.4.6.4}{\376\377\0004\000.\0006\000.\0004\000\040\000F\0004\171\273\137\303\060\001\124\021\137\303\060\001\127\006\124\150}{section.4.6}% 177
\BOOKMARK [2][]{subsection.4.6.5}{\376\377\0004\000.\0006\000.\0005\000\040\000F\0005\154\064\136\163\227\142\121\205\166\204\123\000\220\037\127\006\124\150\217\320\122\250}{section.4.6}% 178
\BOOKMARK [3][]{subsubsection.4.6.5.1}{\376\377\0004\000.\0006\000.\0005\000.\0001\000\040\000F\0005\0001\142\100\147\011\123\000\220\037\127\006\124\150\166\204\136\225\134\102\123\237\164\006}{subsection.4.6.5}% 179
\BOOKMARK [3][]{subsubsection.4.6.5.2}{\376\377\0004\000.\0006\000.\0005\000.\0002\000\040\000F\0005\0002\123\000\220\037\127\006\124\150\166\204\116\064\165\114\162\266\140\001}{subsection.4.6.5}% 180
\BOOKMARK [3][]{subsubsection.4.6.5.3}{\376\377\0004\000.\0006\000.\0005\000.\0003\000\040\000F\0005\0003\124\014\166\330\217\154\122\250}{subsection.4.6.5}% 181
\BOOKMARK [0][]{chapter.5}{\376\377\0005\000\040\131\051\117\123\217\320\122\250}{}% 182
\BOOKMARK [1][]{section.5.1}{\376\377\0005\000.\0001\000\040\000A\116\007\147\011\137\025\122\233\133\232\137\213}{chapter.5}% 183
\BOOKMARK [2][]{subsection.5.1.1}{\376\377\0005\000.\0001\000.\0001\000\040\000A\0001\116\007\147\011\137\025\122\233\121\154\137\017}{section.5.1}% 184
\BOOKMARK [2][]{subsection.5.1.2}{\376\377\0005\000.\0001\000.\0002\000\040\000A\0002\227\136\164\003\117\123\116\007\147\011\137\025\122\233\213\241\173\227}{section.5.1}% 185
\BOOKMARK [1][]{section.5.2}{\376\377\0005\000.\0002\000\040\000B\163\257\176\325\152\041\127\213}{chapter.5}% 186
\BOOKMARK [2][]{subsection.5.2.1}{\376\377\0005\000.\0002\000.\0001\000\040\000B\0001\147\141\116\366\116\016\146\227\171\072}{section.5.2}% 187
\BOOKMARK [2][]{subsection.5.2.2}{\376\377\0005\000.\0002\000.\0002\000\040\000B\0002\211\343\230\230\121\154\137\017\176\304}{section.5.2}% 188
\BOOKMARK [2][]{subsection.5.2.3}{\376\377\0005\000.\0002\000.\0003\000\040\000B\0003\121\154\217\154\116\224\123\302\145\160}{section.5.2}% 189
\BOOKMARK [2][]{subsection.5.2.4}{\376\377\0005\000.\0002\000.\0004\000\040\000\040\000B\0004\124\014\137\303\116\015\124\014\217\150}{section.5.2}% 190
\BOOKMARK [2][]{subsection.5.2.5}{\376\377\0005\000.\0002\000.\0005\000\040\000B\0005\217\321\127\060\123\153\146\037}{section.5.2}% 191
\BOOKMARK [1][]{section.5.3}{\376\377\0005\000.\0003\000\040\000C\236\304\221\321\116\343\143\142}{chapter.5}% 192
\BOOKMARK [2][]{subsection.5.3.1}{\376\377\0005\000.\0003\000.\0001\000\040\000C\0001\221\315\122\233\124\214\116\007\147\011\137\025\122\233\166\204\121\163\174\373}{section.5.3}% 193
\BOOKMARK [2][]{subsection.5.3.2}{\376\377\0005\000.\0003\000.\0002\000\040\000C\0002\236\304\221\321\116\343\143\142\166\204\116\011\116\052\121\154\137\017\124\214\116\044\116\052\153\324\117\213}{section.5.3}% 194
\BOOKMARK [3][]{subsubsection.5.3.2.1}{\376\377\0005\000.\0003\000.\0002\000.\0001\000\040\000C\0002\0001\127\060\121\205\137\017}{subsection.5.3.2}% 195
\BOOKMARK [3][]{subsubsection.5.3.2.2}{\376\377\0005\000.\0003\000.\0002\000.\0002\000\040\000C\0002\0002\127\060\210\150\137\017}{subsection.5.3.2}% 196
\BOOKMARK [3][]{subsubsection.5.3.2.3}{\376\377\0005\000.\0003\000.\0002\000.\0003\000\040\000C\0002\0003\127\060\131\026\137\017}{subsection.5.3.2}% 197
\BOOKMARK [1][]{section.5.4}{\376\377\0005\000.\0004\000\040\000D\215\050\221\317\133\306\136\246\213\241\173\227}{chapter.5}% 198
\BOOKMARK [2][]{subsection.5.4.1}{\376\377\0005\000.\0004\000.\0001\000\040\000D\0001\116\055\137\303\131\051\117\123\215\050\221\317\213\241\173\227}{section.5.4}% 199
\BOOKMARK [3][]{subsubsection.5.4.1.1}{\376\377\0005\000.\0004\000.\0001\000.\0001\000\040\000D\0001\0001\220\011\142\351\230\230\146\023\225\031\160\271}{subsection.5.4.1}% 200
\BOOKMARK [3][]{subsubsection.5.4.1.2}{\376\377\0005\000.\0004\000.\0001\000.\0002\000\040\000D\0001\0002\167\345\135\361}{subsection.5.4.1}% 201
\BOOKMARK [3][]{subsubsection.5.4.1.3}{\376\377\0005\000.\0004\000.\0001\000.\0003\000\040\000D\0001\0003\167\345\137\174}{subsection.5.4.1}% 202
\BOOKMARK [2][]{subsection.5.4.2}{\376\377\0005\000.\0004\000.\0002\000\040\000D\0002\116\055\137\303\131\051\117\123\133\306\136\246\213\241\173\227}{section.5.4}% 203
\BOOKMARK [3][]{subsubsection.5.4.2.1}{\376\377\0005\000.\0004\000.\0002\000.\0001\000\040\000D\0002\0001\220\011\142\351\230\230\146\023\225\031\160\271}{subsection.5.4.2}% 204
\BOOKMARK [3][]{subsubsection.5.4.2.2}{\376\377\0005\000.\0004\000.\0002\000.\0002\000\040\000D\0002\0002\167\345\135\361}{subsection.5.4.2}% 205
\BOOKMARK [3][]{subsubsection.5.4.2.3}{\376\377\0005\000.\0004\000.\0002\000.\0003\000\040\000D\0001\0003\167\345\137\174}{subsection.5.4.2}% 206
\BOOKMARK [1][]{section.5.5}{\376\377\0005\000.\0005\000\040\000E\137\000\146\156\122\322\116\011\131\047\133\232\137\213}{chapter.5}% 207
\BOOKMARK [2][]{subsection.5.5.1}{\376\377\0005\000.\0005\000.\0001\000\040\000E\0001\137\000\146\156\122\322\173\054\116\000\133\232\137\213}{section.5.5}% 208
\BOOKMARK [2][]{subsection.5.5.2}{\376\377\0005\000.\0005\000.\0002\000\040\000E\0002\137\000\146\156\122\322\173\054\116\214\133\232\137\213}{section.5.5}% 209
\BOOKMARK [2][]{subsection.5.5.3}{\376\377\0005\000.\0005\000.\0003\000\040\000E\0003\137\000\146\156\122\322\173\054\116\011\133\232\137\213}{section.5.5}% 210
\BOOKMARK [1][]{section.5.6}{\376\377\0005\000.\0006\000\040\000F\116\011\131\047\133\207\133\231\220\037\136\246}{chapter.5}% 211
\BOOKMARK [2][]{subsection.5.6.1}{\376\377\0005\000.\0006\000.\0001\000\040\000F\0001\173\054\116\000\133\207\133\231\220\037\136\246}{section.5.6}% 212
\BOOKMARK [2][]{subsection.5.6.2}{\376\377\0005\000.\0006\000.\0002\000\040\000F\0002\173\054\116\214\133\207\133\231\220\037\136\246}{section.5.6}% 213
\BOOKMARK [2][]{subsection.5.6.3}{\376\377\0005\000.\0006\000.\0003\000\040\000F\0003\173\054\116\011\133\207\133\231\220\037\136\246}{section.5.6}% 214
\BOOKMARK [1][]{section.5.7}{\376\377\0005\000.\0007\000\040\000G\124\014\153\145\123\153\146\037}{chapter.5}% 215
\BOOKMARK [2][]{subsection.5.7.1}{\376\377\0005\000.\0007\000.\0001\000\040\000G\0001\124\014\153\145\123\153\146\037\166\204\133\232\116\111}{section.5.7}% 216
\BOOKMARK [2][]{subsection.5.7.2}{\376\377\0005\000.\0007\000.\0002\000\040\000G\0002\124\014\153\145\123\153\146\037\123\302\145\160\153\324\217\203}{section.5.7}% 217
\BOOKMARK [3][]{subsubsection.5.7.2.1}{\376\377\0005\000.\0007\000.\0002\000.\0001\000\040\000G\0002\0001\124\014\116\000\116\055\137\303\131\051\117\123\166\204\131\032\116\052\124\014\153\145\123\153\146\037}{subsection.5.7.2}% 218
\BOOKMARK [3][]{subsubsection.5.7.2.2}{\376\377\0005\000.\0007\000.\0002\000.\0002\000\040\000G\0002\0002\124\014\116\000\116\055\137\303\131\051\117\123\166\204\124\014\153\145\123\153\146\037\124\214\227\136\124\014\153\145\123\153\146\037\153\324\217\203}{subsection.5.7.2}% 219
\BOOKMARK [2][]{subsection.5.7.3}{\376\377\0005\000.\0007\000.\0003\000\040\000G\0003\123\153\146\037\116\016\127\060\210\150\162\151\117\123\217\333\210\114\153\324\217\203}{section.5.7}% 220
\BOOKMARK [3][]{subsubsection.5.7.3.1}{\376\377\0005\000.\0007\000.\0003\000.\0001\000\040\000G\0003\0001\124\014\153\145\123\153\146\037\153\324\227\131\153\142\162\151\117\123}{subsection.5.7.3}% 221
\BOOKMARK [3][]{subsubsection.5.7.3.2}{\376\377\0005\000.\0007\000.\0003\000.\0002\000\040\000G\0003\0002\227\136\124\014\153\145\123\153\146\037\153\324\227\131\153\142\162\151\117\123}{subsection.5.7.3}% 222
\BOOKMARK [2][]{subsection.5.7.4}{\376\377\0005\000.\0007\000.\0004\000\040\000G\0004\136\070\211\301\166\204\131\051\117\123\116\016\123\153\146\037\136\070\213\306}{section.5.7}% 223
\BOOKMARK [1][]{section.5.8}{\376\377\0005\000.\0008\000\040\000H\123\330\217\150\152\041\127\213\124\214\133\371\143\245\225\356\230\230}{chapter.5}% 224
\BOOKMARK [2][]{subsection.5.8.1}{\376\377\0005\000.\0008\000.\0001\000\040\000H\0001\131\202\117\125\123\330\217\150}{section.5.8}% 225
\BOOKMARK [1][]{section.5.9}{\376\377\0005\000.\0009\000\040\000H\0002\131\202\117\125\153\324\217\203\122\007\160\271\220\037\136\246}{chapter.5}% 226
\BOOKMARK [1][]{section.5.10}{\376\377\0005\000.\0001\0000\000\040\000H\0003\131\202\117\125\153\324\217\203\153\143\127\006\217\150\220\123\200\375\221\317}{chapter.5}% 227
\BOOKMARK [1][]{section.5.11}{\376\377\0005\000.\0001\0001\000\040\000H\0004\131\202\117\125\153\324\217\203\122\007\160\271\122\240\220\037\136\246}{chapter.5}% 228
\BOOKMARK [1][]{section.5.12}{\376\377\0005\000.\0001\0002\000\040\000H\0005\131\202\117\125\153\324\217\203\151\055\127\006\217\150}{chapter.5}% 229
\BOOKMARK [1][]{section.5.13}{\376\377\0005\000.\0001\0003\000\040\000I\131\032\146\037\225\356\230\230}{chapter.5}% 230
\BOOKMARK [2][]{subsection.5.13.1}{\376\377\0005\000.\0001\0003\000.\0001\000\040\000I\0001\123\314\146\037\225\356\230\230}{section.5.13}% 231
\BOOKMARK [3][]{subsubsection.5.13.1.1}{\376\377\0005\000.\0001\0003\000.\0001\000.\0001\000\040\000I\0001\0001\123\302\145\160\153\324\217\203}{subsection.5.13.1}% 232
\BOOKMARK [3][]{subsubsection.5.13.1.2}{\376\377\0005\000.\0001\0003\000.\0001\000.\0002\000\040\000I\0001\0002\221\315\160\271\213\241\173\227\000\040}{subsection.5.13.1}% 233
\BOOKMARK [2][]{subsection.5.13.2}{\376\377\0005\000.\0001\0003\000.\0002\000\040\000I\0002\131\032\146\037\225\356\230\230}{section.5.13}% 234
\BOOKMARK [3][]{subsubsection.5.13.2.1}{\376\377\0005\000.\0001\0003\000.\0002\000.\0001\000\040\000I\0002\0001\131\032\146\037\225\356\230\230\116\000\202\054\131\004\164\006\145\271\154\325}{subsection.5.13.2}% 235
\BOOKMARK [3][]{subsubsection.5.13.2.2}{\376\377\0005\000.\0001\0003\000.\0002\000.\0002\000\040\000I\0002\0001\174\373\176\337\215\050\137\303\154\102\211\343\145\271\154\325}{subsection.5.13.2}% 236
\BOOKMARK [2][]{subsection.5.13.3}{\376\377\0005\000.\0001\0003\000.\0003\000\040\000I\0003\142\311\150\074\147\027\145\345\160\271}{section.5.13}% 237
\BOOKMARK [3][]{subsubsection.5.13.3.1}{\376\377\0005\000.\0001\0003\000.\0003\000.\0001\000\040\000I\0003\0001\116\300\116\110\146\057\142\311\150\074\147\027\145\345\160\271\377\037}{subsection.5.13.3}% 238
\BOOKMARK [3][]{subsubsection.5.13.3.2}{\376\377\0005\000.\0001\0003\000.\0003\000.\0002\000\040\000I\0003\0002\230\230\127\213\140\073\176\323}{subsection.5.13.3}% 239
\BOOKMARK [1][]{section.5.14}{\376\377\0005\000.\0001\0004\000\040\000J\131\051\117\123\166\204\217\375\121\373\166\370\220\107\225\356\230\230}{chapter.5}% 240
\BOOKMARK [2][]{subsection.5.14.1}{\376\377\0005\000.\0001\0004\000.\0001\000\040\000J\0001\116\000\171\315\230\230\127\213}{section.5.14}% 241
\BOOKMARK [2][]{subsection.5.14.2}{\376\377\0005\000.\0001\0004\000.\0002\000\040\000J\0002\116\044\171\315\145\271\154\325}{section.5.14}% 242
\BOOKMARK [2][]{subsection.5.14.3}{\376\377\0005\000.\0001\0004\000.\0003\000\040\000J\0003\116\011\116\052\123\330\137\142}{section.5.14}% 243
\BOOKMARK [0][]{chapter.6}{\376\377\0006\000\040\122\237\116\016\200\375}{}% 244
\BOOKMARK [1][]{section.6.1}{\376\377\0006\000.\0001\000\040\000A\122\237\166\204\121\154\137\017}{chapter.6}% 245
\BOOKMARK [2][]{subsection.6.1.1}{\376\377\0006\000.\0001\000.\0001\000\040\000A\0001\140\122\122\233\120\132\122\237}{section.6.1}% 246
\BOOKMARK [2][]{subsection.6.1.2}{\376\377\0006\000.\0001\000.\0002\000\040\000A\0002\133\232\122\233\120\132\122\237}{section.6.1}% 247
\BOOKMARK [2][]{subsection.6.1.3}{\376\377\0006\000.\0001\000.\0003\000\040\000A\0003\123\330\122\233\120\132\122\237}{section.6.1}% 248
\BOOKMARK [1][]{section.6.2}{\376\377\0006\000.\0002\000\040\000B\122\237\200\375\121\163\174\373}{chapter.6}% 249
\BOOKMARK [2][]{subsection.6.2.1}{\376\377\0006\000.\0002\000.\0001\000\040\000B\0001\221\315\122\233\120\132\122\237\116\016\221\315\122\233\122\277\200\375}{section.6.2}% 250
\BOOKMARK [2][]{subsection.6.2.2}{\376\377\0006\000.\0002\000.\0002\000\040\000B\0002\137\071\174\047\137\071\122\233\120\132\122\237\116\016\137\071\140\047\122\277\200\375}{section.6.2}% 251
\BOOKMARK [2][]{subsection.6.2.3}{\376\377\0006\000.\0002\000.\0003\000\040\000B\0003\144\151\152\253\122\233\120\132\122\237\116\016\144\151\144\346\160\355\200\375}{section.6.2}% 252
\BOOKMARK [3][]{subsubsection.6.2.3.1}{\376\377\0006\000.\0002\000.\0003\000.\0001\000\040\000B\0003\0001\144\151\152\253\122\233\122\237\160\355\121\154\137\017}{subsection.6.2.3}% 253
\BOOKMARK [3][]{subsubsection.6.2.3.2}{\376\377\0006\000.\0002\000.\0003\000.\0002\000\040\000B\0003\0002\145\234\227\142\143\250\213\272}{subsection.6.2.3}% 254
\BOOKMARK [3][]{subsubsection.6.2.3.3}{\376\377\0006\000.\0002\000.\0003\000.\0003\000\040\000B\0003\0003\144\151\152\253\122\233\120\132\122\237\124\214\116\247\160\355\121\163\174\373}{subsection.6.2.3}% 255
\BOOKMARK [2][]{subsection.6.2.4}{\376\377\0006\000.\0002\000.\0004\000\040\000B\0004\217\320\122\250\217\307\172\013\116\055\166\204\200\375\221\317\217\154\143\142}{section.6.2}% 256
\BOOKMARK [2][]{subsection.6.2.5}{\376\377\0006\000.\0002\000.\0005\000\040\000B\0005\116\015\200\375\167\013\142\020\215\050\160\271\166\204\162\151\117\123\166\204\120\132\122\237}{section.6.2}% 257
\BOOKMARK [1][]{section.6.3}{\376\377\0006\000.\0003\000\040\000C\122\237\200\375\121\163\174\373}{chapter.6}% 258
\BOOKMARK [2][]{subsection.6.3.1}{\376\377\0006\000.\0003\000.\0001\000\040\000C\0001\217\307\172\013\225\356\230\230}{section.6.3}% 259
\BOOKMARK [2][]{subsection.6.3.2}{\376\377\0006\000.\0003\000.\0002\000\040\000C\0002\162\266\140\001\121\231\162\133\116\214}{section.6.3}% 260
\BOOKMARK [3][]{subsubsection.6.3.2.1}{\376\377\0006\000.\0003\000.\0002\000.\0001\000\040\000C\0002\0001\000\040\137\071\174\047\166\204\116\044\176\304\131\127\215\357\145\271\172\013}{subsection.6.3.2}% 261
\BOOKMARK [3][]{subsubsection.6.3.2.2}{\376\377\0006\000.\0003\000.\0002\000.\0002\000\040\000C\0002\0002\000\040\217\173\176\363\166\204\116\224\116\052\166\370\173\111}{subsection.6.3.2}% 262
\BOOKMARK [3][]{subsubsection.6.3.2.3}{\376\377\0006\000.\0003\000.\0002\000.\0003\000\040\000C\0002\0003\000\040\217\173\147\106\166\204\116\224\116\052\166\370\173\111}{subsection.6.3.2}% 263
\BOOKMARK [1][]{section.6.4}{\376\377\0006\000.\0004\000\040\000D\200\375\221\317\133\210\140\122\124\214\147\072\150\260\200\375\133\210\140\122}{chapter.6}% 264
\BOOKMARK [2][]{subsection.6.4.1}{\376\377\0006\000.\0004\000.\0001\000\040\000D\0001\200\375\221\317\133\210\140\122}{section.6.4}% 265
\BOOKMARK [2][]{subsection.6.4.2}{\376\377\0006\000.\0004\000.\0002\000\040\000D\0002\147\072\150\260\200\375\133\210\140\122}{section.6.4}% 266
\BOOKMARK [2][]{subsection.6.4.3}{\376\377\0006\000.\0004\000.\0003\000\040\000D\0003\136\070\211\301\166\204\147\072\150\260\200\375\122\032\140\047\143\137\131\061}{section.6.4}% 267
\BOOKMARK [2][]{subsection.6.4.4}{\376\377\0006\000.\0004\000.\0004\000\040\000D\0004\217\336\176\355\117\123\200\375\221\317\217\154\123\026\225\356\230\230}{section.6.4}% 268
\BOOKMARK [1][]{section.6.5}{\376\377\0006\000.\0005\000\040\000E\147\072\217\146\124\057\122\250}{chapter.6}% 269
\BOOKMARK [2][]{subsection.6.5.1}{\376\377\0006\000.\0005\000.\0001\000\040\000E\0001\140\122\133\232\122\237\163\207\124\057\122\250}{section.6.5}% 270
\BOOKMARK [3][]{subsubsection.6.5.1.1}{\376\377\0006\000.\0005\000.\0001\000.\0001\000\040\000E\0001\0001\140\035\176\364\217\307\172\013}{subsection.6.5.1}% 271
\BOOKMARK [2][]{subsection.6.5.2}{\376\377\0006\000.\0005\000.\0002\000\040\000E\0002\140\122\133\232\122\240\220\037\136\246\124\057\122\250}{section.6.5}% 272
\BOOKMARK [3][]{subsubsection.6.5.2.1}{\376\377\0006\000.\0005\000.\0002\000.\0001\000\040\000E\0002\0001\140\035\176\364\217\307\172\013}{subsection.6.5.2}% 273
\BOOKMARK [2][]{subsection.6.5.3}{\376\377\0006\000.\0005\000.\0003\000\040\000E\0003\123\330\122\240\220\037\217\307\172\013\116\055\166\204\117\115\171\373\000s\124\214\145\366\225\364\000t}{section.6.5}% 274
\BOOKMARK [2][]{subsection.6.5.4}{\376\377\0006\000.\0005\000.\0004\000\040\000E\0004\172\201\123\330\225\356\230\230}{section.6.5}% 275
\BOOKMARK [1][]{section.6.6}{\376\377\0006\000.\0006\000\040\000F\122\237\200\375\126\376\120\317}{chapter.6}% 276
\BOOKMARK [2][]{subsection.6.6.1}{\376\377\0006\000.\0006\000.\0001\000\040\000F\0001\200\375\221\317\000-\117\115\171\373\126\376\120\317}{section.6.6}% 277
\BOOKMARK [3][]{subsubsection.6.6.1.1}{\376\377\0006\000.\0006\000.\0001\000.\0001\000\040\000F\0001\0001\122\250\200\375\000-\117\115\171\373}{subsection.6.6.1}% 278
\BOOKMARK [3][]{subsubsection.6.6.1.2}{\376\377\0006\000.\0006\000.\0001\000.\0002\000\040\000F\0001\0002\147\072\150\260\200\375\000-\117\115\171\373}{subsection.6.6.1}% 279
\BOOKMARK [3][]{subsubsection.6.6.1.3}{\376\377\0006\000.\0006\000.\0001\000.\0003\000\040\000F\0001\0002\147\072\150\260\200\375\000-\117\115\171\373}{subsection.6.6.1}% 280
\BOOKMARK [3][]{subsubsection.6.6.1.4}{\376\377\0006\000.\0006\000.\0001\000.\0004\000\040\000F\0001\0003\221\315\122\233\122\277\200\375\000-\117\115\171\373}{subsection.6.6.1}% 281
\BOOKMARK [3][]{subsubsection.6.6.1.5}{\376\377\0006\000.\0006\000.\0001\000.\0005\000\040\000F\0001\0004\144\151\144\346\116\247\160\355\000-\117\115\171\373}{subsection.6.6.1}% 282
\BOOKMARK [2][]{subsection.6.6.2}{\376\377\0006\000.\0006\000.\0002\000\040\000F\0002\200\375\221\317\000-\121\166\133\203\126\376\120\317}{section.6.6}% 283
\BOOKMARK [2][]{subsection.6.6.3}{\376\377\0006\000.\0006\000.\0003\000\040\000F\0003\120\132\122\237\000-\117\115\171\373\126\376\120\317}{section.6.6}% 284
\BOOKMARK [1][]{section.6.7}{\376\377\0006\000.\0007\000\040\000G\172\326\166\364\227\142\121\205\166\204\127\006\124\150\217\320\122\250}{chapter.6}% 285
\BOOKMARK [2][]{subsection.6.7.1}{\376\377\0006\000.\0007\000.\0001\000\040\000G\0001\164\003\176\363\127\006\124\150\217\320\122\250}{section.6.7}% 286
\BOOKMARK [3][]{subsubsection.6.7.1.1}{\376\377\0006\000.\0007\000.\0001\000.\0001\000\040\000G\0001\0001\176\363\133\120\145\340\122\237}{subsection.6.7.1}% 287
\BOOKMARK [3][]{subsubsection.6.7.1.2}{\376\377\0006\000.\0007\000.\0001\000.\0002\000\040\000G\0001\0002\116\012\123\107\122\060\147\000\232\330\117\115\177\156}{subsection.6.7.1}% 288
\BOOKMARK [3][]{subsubsection.6.7.1.3}{\376\377\0006\000.\0007\000.\0001\000.\0003\000\040\000G\0001\0003\116\012\116\015\123\273\140\016\116\110\122\236\377\037}{subsection.6.7.1}% 289
\BOOKMARK [3][]{subsubsection.6.7.1.4}{\376\377\0006\000.\0007\000.\0001\000.\0004\000\040\000G\0001\0004\116\012\116\015\123\273\140\016\116\110\122\236\377\037}{subsection.6.7.1}% 290
\BOOKMARK [3][]{subsubsection.6.7.1.5}{\376\377\0006\000.\0007\000.\0001\000.\0005\000\040\000G\0001\0005\142\311\122\233\135\356\143\250\213\272}{subsection.6.7.1}% 291
\BOOKMARK [2][]{subsection.6.7.2}{\376\377\0006\000.\0007\000.\0002\000\040\000G\0002\164\003\147\106\127\006\124\150\217\320\122\250}{section.6.7}% 292
\BOOKMARK [3][]{subsubsection.6.7.2.1}{\376\377\0006\000.\0007\000.\0002\000.\0001\000\040\000G\0002\0001\147\106\122\233\145\340\122\237}{subsection.6.7.2}% 293
\BOOKMARK [3][]{subsubsection.6.7.2.2}{\376\377\0006\000.\0007\000.\0002\000.\0002\000\040\000G\0002\0002\116\012\123\107\122\060\147\000\232\330\117\115\177\156}{subsection.6.7.2}% 294
\BOOKMARK [3][]{subsubsection.6.7.2.3}{\376\377\0006\000.\0007\000.\0002\000.\0003\000\040\000G\0002\0003\116\012\116\015\123\273\140\016\116\110\122\236\377\037}{subsection.6.7.2}% 295
\BOOKMARK [3][]{subsubsection.6.7.2.4}{\376\377\0006\000.\0007\000.\0002\000.\0004\000\040\000G\0002\0004\116\012\116\015\123\273\140\016\116\110\122\236\377\037}{subsection.6.7.2}% 296
\BOOKMARK [3][]{subsubsection.6.7.2.5}{\376\377\0006\000.\0007\000.\0002\000.\0005\000\040\000G\0002\0005\142\311\122\233\135\356\143\250\213\272}{subsection.6.7.2}% 297
\BOOKMARK [2][]{subsection.6.7.3}{\376\377\0006\000.\0007\000.\0003\000\040\000G\0003\117\115\177\156\121\231\162\133\116\214}{section.6.7}% 298
\BOOKMARK [2][]{subsection.6.7.4}{\376\377\0006\000.\0007\000.\0004\000\040\000G\0004\172\326\166\364\127\006\124\150\166\204\201\061\217\150\225\356\230\230}{section.6.7}% 299
