\BOOKMARK [0][]{chapter.1}{\376\377\0001\000\040\166\364\176\277\217\320\122\250\152\041\127\213}{}% 1
\BOOKMARK [1][]{section.1.1}{\376\377\0001\000.\0001\000\040\000A\123\000\123\330\220\037\116\224\131\047\123\302\145\160\124\214\116\224\131\047\145\271\172\013}{chapter.1}% 2
\BOOKMARK [2][]{subsection.1.1.1}{\376\377\0001\000.\0001\000.\0001\000\040\000A\0001\116\224\131\047\123\302\145\160\124\214\116\224\131\047\145\271\172\013}{section.1.1}% 3
\BOOKMARK [2][]{subsection.1.1.2}{\376\377\0001\000.\0001\000.\0002\000\040\000A\0002\136\163\127\107\220\037\136\246\124\214\116\055\225\364\220\037\136\246}{section.1.1}% 4
\BOOKMARK [3][]{subsubsection.1.1.2.1}{\376\377\0001\000.\0001\000.\0002\000.\0001\000\040\000A\0002\0001\136\163\127\107\220\037\136\246}{subsection.1.1.2}% 5
\BOOKMARK [3][]{subsubsection.1.1.2.2}{\376\377\0001\000.\0001\000.\0002\000.\0002\000\040\000A\0002\0002\123\000\123\330\220\037\166\364\176\277\217\320\122\250\116\055\166\204\116\055\225\364\220\037\136\246}{subsection.1.1.2}% 6
\BOOKMARK [2][]{subsection.1.1.3}{\376\377\0001\000.\0001\000.\0003\000\040\000A\0003\166\364\176\277\217\320\122\250\116\055\166\204\226\114\165\037\121\375\145\160}{section.1.1}% 7
\BOOKMARK [2][]{subsection.1.1.4}{\376\377\0001\000.\0001\000.\0004\000\040\000A\0004\122\071\217\146\226\167\226\061}{section.1.1}% 8
\BOOKMARK [1][]{section.1.2}{\376\377\0001\000.\0002\000\040\000B\142\123\160\271\213\241\145\366\126\150\121\150\152\041\127\213\140\073\176\323}{chapter.1}% 9
\BOOKMARK [2][]{subsection.1.2.1}{\376\377\0001\000.\0002\000.\0001\000\040\000B\0001\142\123\160\271\213\241\145\366\126\150\123\237\164\006}{section.1.2}% 10
\BOOKMARK [3][]{subsubsection.1.2.1.1}{\376\377\0001\000.\0002\000.\0001\000.\0001\000\040\000B\0001\0001\165\065\160\153\202\261\142\123\160\271\213\241\145\366\126\150}{subsection.1.2.1}% 11
\BOOKMARK [3][]{subsubsection.1.2.1.2}{\376\377\0001\000.\0002\000.\0001\000.\0002\000\040\000B\0001\0002\165\065\170\301\137\017\142\123\160\271\213\241\145\366\126\150}{subsection.1.2.1}% 12
\BOOKMARK [3][]{subsubsection.1.2.1.3}{\376\377\0001\000.\0002\000.\0001\000.\0003\000\040\000B\0001\0003\221\115\131\127\116\352\126\150}{subsection.1.2.1}% 13
\BOOKMARK [2][]{subsection.1.2.2}{\376\377\0001\000.\0002\000.\0002\000\040\000B\0002\142\123\160\271\213\241\145\366\126\150\040\024\040\024\213\241\145\366\123\237\164\006}{section.1.2}% 14
\BOOKMARK [3][]{subsubsection.1.2.2.1}{\376\377\0001\000.\0002\000.\0002\000.\0001\000\040\000B\0002\0001\173\111\145\366\143\250\213\272}{subsection.1.2.2}% 15
\BOOKMARK [3][]{subsubsection.1.2.2.2}{\376\377\0001\000.\0002\000.\0002\000.\0002\000\040\000B\0002\0002\142\123\160\271\124\150\147\037\000T\124\214\213\241\145\160\160\271}{subsection.1.2.2}% 16
\BOOKMARK [2][]{subsection.1.2.3}{\376\377\0001\000.\0002\000.\0003\000\040\000B\0003\142\123\160\271\213\241\145\366\126\150\040\024\040\024\155\113\221\317\123\237\164\006}{section.1.2}% 17
\BOOKMARK [3][]{subsubsection.1.2.3.1}{\376\377\0001\000.\0002\000.\0003\000.\0001\000\040\000B\0003\0001\155\113\221\317\220\037\136\246}{subsection.1.2.3}% 18
\BOOKMARK [3][]{subsubsection.1.2.3.2}{\376\377\0001\000.\0002\000.\0003\000.\0002\000\040\000B\0003\0002\155\113\221\317\122\240\220\037\136\246}{subsection.1.2.3}% 19
\BOOKMARK [2][]{subsection.1.2.4}{\376\377\0001\000.\0002\000.\0004\000\040\000B\0004\121\166\116\326\174\173\127\213\142\123\160\271\213\241\145\366\126\150}{section.1.2}% 20
\BOOKMARK [3][]{subsubsection.1.2.4.1}{\376\377\0001\000.\0002\000.\0004\000.\0001\000\040\000B\0004\0001\156\364\154\064\213\241\145\366\126\150}{subsection.1.2.4}% 21
\BOOKMARK [3][]{subsubsection.1.2.4.2}{\376\377\0001\000.\0002\000.\0004\000.\0002\000\040\000B\0004\0002\230\221\225\352\161\147\166\370\147\072}{subsection.1.2.4}% 22
\BOOKMARK [3][]{subsubsection.1.2.4.3}{\376\377\0001\000.\0002\000.\0004\000.\0003\000\040\000B\0004\0003\220\032\217\307\160\271\217\371\122\044\145\255\134\017\217\146\217\320\122\250\145\271\124\021}{subsection.1.2.4}% 23
\BOOKMARK [3][]{subsubsection.1.2.4.4}{\376\377\0001\000.\0002\000.\0004\000.\0004\000\040\000B\0004\0004\146\335\121\111\145\366\225\364}{subsection.1.2.4}% 24
\BOOKMARK [1][]{section.1.3}{\376\377\0001\000.\0003\000\040\000C\122\006\153\265\217\320\122\250}{chapter.1}% 25
\BOOKMARK [2][]{subsection.1.3.1}{\376\377\0001\000.\0003\000.\0001\000\040\000C\0001\173\111\145\366\122\006\153\265\217\320\122\250}{section.1.3}% 26
\BOOKMARK [2][]{subsection.1.3.2}{\376\377\0001\000.\0003\000.\0002\000\040\000C\0002\116\015\173\111\145\366\122\006\153\265\217\320\122\250}{section.1.3}% 27
\BOOKMARK [1][]{section.1.4}{\376\377\0001\000.\0004\000\040\000D\201\352\165\061\204\075\117\123\116\016\172\326\166\364\116\012\142\233}{chapter.1}% 28
\BOOKMARK [2][]{subsection.1.4.1}{\376\377\0001\000.\0004\000.\0001\000\040\000D\0001\201\352\165\061\204\075\117\123\217\320\122\250}{section.1.4}% 29
\BOOKMARK [3][]{subsubsection.1.4.1.1}{\376\377\0001\000.\0004\000.\0001\000.\0001\000\040\000D\0001\0001\201\352\165\061\204\075\117\123\217\320\122\250\166\204\133\232\116\111\124\214\121\154\137\017}{subsection.1.4.1}% 30
\BOOKMARK [3][]{subsubsection.1.4.1.2}{\376\377\0001\000.\0004\000.\0001\000.\0002\000\040\000D\0001\0002\226\073\122\233\133\371\162\151\117\123\166\204\137\161\124\315}{subsection.1.4.1}% 31
\BOOKMARK [3][]{subsubsection.1.4.1.3}{\376\377\0001\000.\0004\000.\0001\000.\0003\000\040\000D\0001\0003\201\352\165\061\204\075\117\123\217\320\122\250\166\204\116\011\131\047\230\230\127\213}{subsection.1.4.1}% 32
\BOOKMARK [2][]{subsection.1.4.2}{\376\377\0001\000.\0004\000.\0002\000\040\000D\0002\172\326\166\364\116\012\142\233\217\320\122\250}{section.1.4}% 33
\BOOKMARK [3][]{subsubsection.1.4.2.1}{\376\377\0001\000.\0004\000.\0002\000.\0001\000\040\000D\0002\0001\116\011\116\052\221\315\211\201\221\317}{subsection.1.4.2}% 34
\BOOKMARK [3][]{subsubsection.1.4.2.2}{\376\377\0001\000.\0004\000.\0002\000.\0002\000\040\000D\0002\0002\133\371\171\360\140\047}{subsection.1.4.2}% 35
\BOOKMARK [1][]{section.1.5}{\376\377\0001\000.\0005\000\040\000E\217\320\122\250\133\146\126\376\120\317\137\122\176\263}{chapter.1}% 36
\BOOKMARK [2][]{subsection.1.5.1}{\376\377\0001\000.\0005\000.\0001\000\040\000E\0001\117\115\177\156\145\366\225\364\000\050\000x\000-\000t\000\051\126\376}{section.1.5}% 37
\BOOKMARK [3][]{subsubsection.1.5.1.1}{\376\377\0001\000.\0005\000.\0001\000.\0001\000\040\000E\0001\0001\164\006\211\343\152\052\176\265\217\164}{subsection.1.5.1}% 38
\BOOKMARK [3][]{subsubsection.1.5.1.2}{\376\377\0001\000.\0005\000.\0001\000.\0002\000\040\000E\0001\0002\164\006\211\343\145\234\163\207}{subsection.1.5.1}% 39
\BOOKMARK [3][]{subsubsection.1.5.1.3}{\376\377\0001\000.\0005\000.\0001\000.\0003\000\040\000E\0001\0003\227\142\171\357}{subsection.1.5.1}% 40
\BOOKMARK [3][]{subsubsection.1.5.1.4}{\376\377\0001\000.\0005\000.\0001\000.\0004\000\040\000E\0001\0004\126\376\120\317\116\244\160\271}{subsection.1.5.1}% 41
\BOOKMARK [3][]{subsubsection.1.5.1.5}{\376\377\0001\000.\0005\000.\0001\000.\0005\000\040\000E\0001\0005\126\376\120\317\226\366\160\271}{subsection.1.5.1}% 42
\BOOKMARK [3][]{subsubsection.1.5.1.6}{\376\377\0001\000.\0005\000.\0001\000.\0006\000\040\000E\0001\0006\126\376\120\317\142\320\160\271}{subsection.1.5.1}% 43
\BOOKMARK [2][]{subsection.1.5.2}{\376\377\0001\000.\0005\000.\0002\000\040\000E\0002\220\037\136\246\145\366\225\364\000\050\000v\000-\000t\000\051\126\376}{section.1.5}% 44
\BOOKMARK [3][]{subsubsection.1.5.2.1}{\376\377\0001\000.\0005\000.\0002\000.\0001\000\040\000E\0002\0001\164\006\211\343\152\052\176\265\217\164}{subsection.1.5.2}% 45
\BOOKMARK [3][]{subsubsection.1.5.2.2}{\376\377\0001\000.\0005\000.\0002\000.\0002\000\040\000E\0002\0002\164\006\211\343\145\234\163\207}{subsection.1.5.2}% 46
\BOOKMARK [3][]{subsubsection.1.5.2.3}{\376\377\0001\000.\0005\000.\0002\000.\0003\000\040\000E\0002\0003\227\142\171\357}{subsection.1.5.2}% 47
\BOOKMARK [3][]{subsubsection.1.5.2.4}{\376\377\0001\000.\0005\000.\0002\000.\0004\000\040\000E\0002\0004\126\376\120\317\116\244\160\271}{subsection.1.5.2}% 48
\BOOKMARK [3][]{subsubsection.1.5.2.5}{\376\377\0001\000.\0005\000.\0002\000.\0005\000\040\000E\0002\0005\126\376\120\317\226\366\160\271}{subsection.1.5.2}% 49
\BOOKMARK [3][]{subsubsection.1.5.2.6}{\376\377\0001\000.\0005\000.\0002\000.\0006\000\040\000E\0002\0006\126\376\120\317\142\320\160\271}{subsection.1.5.2}% 50
\BOOKMARK [2][]{subsection.1.5.3}{\376\377\0001\000.\0005\000.\0003\000\040\000E\0003\122\240\220\037\136\246\145\366\225\364\000\050\000a\000-\000t\000\051\126\376}{section.1.5}% 51
\BOOKMARK [2][]{subsection.1.5.4}{\376\377\0001\000.\0005\000.\0004\000\040\000E\0004\121\166\116\326\174\173\122\053\126\376\120\317}{section.1.5}% 52
\BOOKMARK [3][]{subsubsection.1.5.4.1}{\376\377\0001\000.\0005\000.\0004\000.\0001\000\040\000E\0004\0001\000x\000t\000-\000t\126\376\120\317}{subsection.1.5.4}% 53
\BOOKMARK [3][]{subsubsection.1.5.4.2}{\376\377\0001\000.\0005\000.\0004\000.\0002\000\040\000E\0004\0002\000v\0002\000-\000x\126\376\120\317}{subsection.1.5.4}% 54
\BOOKMARK [3][]{subsubsection.1.5.4.3}{\376\377\0001\000.\0005\000.\0004\000.\0003\000\040\000E\0004\0003\000x\000-\000t\0002\126\376\120\317}{subsection.1.5.4}% 55
\BOOKMARK [3][]{subsubsection.1.5.4.4}{\376\377\0001\000.\0005\000.\0004\000.\0004\000\040\000E\0004\0004\000v\000-\000x\126\376\120\317}{subsection.1.5.4}% 56
\BOOKMARK [1][]{section.1.6}{\376\377\0001\000.\0006\000\040\000F\217\375\121\373\166\370\220\107\152\041\127\213}{chapter.1}% 57
\BOOKMARK [2][]{subsection.1.6.1}{\376\377\0001\000.\0006\000.\0001\000\040\000F\0001\123\125\162\151\117\123\131\032\217\307\172\013\225\356\230\230}{section.1.6}% 58
\BOOKMARK [2][]{subsection.1.6.2}{\376\377\0001\000.\0006\000.\0002\000\040\000F\0002\131\032\162\151\117\123\124\014\145\366\217\320\122\250}{section.1.6}% 59
\BOOKMARK [3][]{subsubsection.1.6.2.1}{\376\377\0001\000.\0006\000.\0002\000.\0001\000\040\000F\0002\0001\121\161\220\037\160\271\166\204\217\320\165\050}{subsection.1.6.2}% 60
\BOOKMARK [3][]{subsubsection.1.6.2.2}{\376\377\0001\000.\0006\000.\0002\000.\0002\000\040\000F\0002\0002\211\343\217\375\121\373\166\370\220\107\166\204\127\372\147\054\131\127\215\357}{subsection.1.6.2}% 61
\BOOKMARK [3][]{subsubsection.1.6.2.3}{\376\377\0001\000.\0006\000.\0002\000.\0003\000\040\000F\0002\0004\116\044\153\041\166\370\220\107\166\204\162\171\153\212\176\323\213\272}{subsection.1.6.2}% 62
\BOOKMARK [0][]{chapter.2}{\376\377\0002\000\040\227\131\122\233\133\146\152\041\127\213}{}% 63
\BOOKMARK [1][]{section.2.1}{\376\377\0002\000.\0001\000\040\000A\123\327\122\233\122\006\147\220\127\372\170\100}{chapter.2}% 64
\BOOKMARK [2][]{subsection.2.1.1}{\376\377\0002\000.\0001\000.\0001\000\040\000A\0001\122\032\176\363\137\071\122\233\152\041\127\213}{section.2.1}% 65
\BOOKMARK [3][]{subsubsection.2.1.1.1}{\376\377\0002\000.\0001\000.\0001\000.\0001\000\040\000A\0001\0001\147\011\176\323\160\271\122\032\140\047\121\111\156\321\217\173\176\363}{subsection.2.1.1}% 66
\BOOKMARK [3][]{subsubsection.2.1.1.2}{\376\377\0002\000.\0001\000.\0001\000.\0002\000\040\000A\0001\0002\145\340\176\323\160\271\122\032\140\047\121\111\156\321\217\173\176\363}{subsection.2.1.1}% 67
\BOOKMARK [2][]{subsection.2.1.2}{\376\377\0002\000.\0001\000.\0002\000\040\000A\0002\217\173\147\106\000/\170\154\147\106\137\071\122\233\152\041\127\213}{section.2.1}% 68
\BOOKMARK [3][]{subsubsection.2.1.2.1}{\376\377\0002\000.\0001\000.\0002\000.\0001\000\040\000A\0002\0001\153\173\147\106}{subsection.2.1.2}% 69
\BOOKMARK [3][]{subsubsection.2.1.2.2}{\376\377\0002\000.\0001\000.\0002\000.\0002\000\040\000A\0002\0002\155\073\147\106}{subsection.2.1.2}% 70
\BOOKMARK [2][]{subsection.2.1.3}{\376\377\0002\000.\0001\000.\0003\000\040\000A\0003\143\245\211\346\174\173\137\071\122\233\152\041\127\213}{section.2.1}% 71
\BOOKMARK [3][]{subsubsection.2.1.3.1}{\376\377\0002\000.\0001\000.\0003\000.\0001\000\040\000A\0002\0003\166\356\150\007\147\106}{subsection.2.1.3}% 72
