\BOOKMARK [0][]{chapter.1}{\376\377\0001\000\040\122\115\212\000}{}% 1
\BOOKMARK [0][]{chapter.2}{\376\377\0002\000\040\165\065\133\146}{}% 2
\BOOKMARK [1][]{section.2.1}{\376\377\0002\000.\0001\000\040\165\065\127\072\137\072\136\246}{chapter.2}% 3
\BOOKMARK [2][]{subsection.2.1.1}{\376\377\0002\000.\0001\000.\0001\000\040\154\102\171\273\145\143\165\065\127\072\137\072\136\246}{section.2.1}% 4
\BOOKMARK [2][]{subsection.2.1.2}{\376\377\0002\000.\0001\000.\0002\000\040\000r\000e\000d\000\040\154\102\217\336\176\355\165\065\127\072\137\072\136\246}{section.2.1}% 5
\BOOKMARK [1][]{section.2.2}{\376\377\0002\000.\0002\000\040\232\330\145\257\133\232\164\006}{chapter.2}% 6
\BOOKMARK [2][]{subsection.2.2.1}{\376\377\0002\000.\0002\000.\0001\000\040\165\065\127\072\176\277\166\204\140\047\215\050}{section.2.2}% 7
\BOOKMARK [2][]{subsection.2.2.2}{\376\377\0002\000.\0002\000.\0002\000\040\000r\000e\000d\000\040\165\065\220\032\221\317}{section.2.2}% 8
\BOOKMARK [2][]{subsection.2.2.3}{\376\377\0002\000.\0002\000.\0003\000\040\000r\000e\000d\000\040\232\330\145\257\133\232\164\006}{section.2.2}% 9
\BOOKMARK [2][]{subsection.2.2.4}{\376\377\0002\000.\0002\000.\0004\000\040\163\257\215\357\133\232\164\006\000\050\117\032\165\050\134\061\210\114\000\051}{section.2.2}% 10
\BOOKMARK [1][]{section.2.3}{\376\377\0002\000.\0003\000\040\165\065\122\277\060\001\165\065\122\277\200\375}{chapter.2}% 11
\BOOKMARK [2][]{subsection.2.3.1}{\376\377\0002\000.\0003\000.\0001\000\040\000r\000e\000d\000\040\165\065\122\277\200\375}{section.2.3}% 12
\BOOKMARK [2][]{subsection.2.3.2}{\376\377\0002\000.\0003\000.\0002\000\040\000r\000e\000d\000\040\165\065\122\277}{section.2.3}% 13
\BOOKMARK [3][]{subsubsection.2.3.2.1}{\376\377\0002\000.\0003\000.\0002\000.\0001\000\040\154\102\171\273\145\143\127\213\165\065\122\277}{subsection.2.3.2}% 14
\BOOKMARK [3][]{subsubsection.2.3.2.2}{\376\377\0002\000.\0003\000.\0002\000.\0002\000\040\154\102\217\336\176\355\127\213\165\065\122\277}{subsection.2.3.2}% 15
\BOOKMARK [3][]{subsubsection.2.3.2.3}{\376\377\0002\000.\0003\000.\0002\000.\0003\000\040\135\362\167\345\127\072\137\072\154\102\133\371\136\224\165\065\122\277}{subsection.2.3.2}% 16
\BOOKMARK [2][]{subsection.2.3.3}{\376\377\0002\000.\0003\000.\0003\000\040\165\065\122\277\124\214\165\065\127\072\121\163\174\373}{section.2.3}% 17
\BOOKMARK [1][]{section.2.4}{\376\377\0002\000.\0004\000\040\133\374\117\123}{chapter.2}% 18
\BOOKMARK [2][]{subsection.2.4.1}{\376\377\0002\000.\0004\000.\0001\000\040\000r\000e\000d\000\040\227\131\165\065\136\163\210\141}{section.2.4}% 19
\BOOKMARK [2][]{subsection.2.4.2}{\376\377\0002\000.\0004\000.\0002\000\040\000r\000e\000d\000\040\133\374\117\123\166\204\127\072\137\072\124\214\165\065\122\277}{section.2.4}% 20
\BOOKMARK [1][]{section.2.5}{\376\377\0002\000.\0005\000\040\165\065\116\313\215\050}{chapter.2}% 21
\BOOKMARK [2][]{subsection.2.5.1}{\376\377\0002\000.\0005\000.\0001\000\040\165\065\116\313\215\050\166\204\147\201\123\026}{section.2.5}% 22
\BOOKMARK [2][]{subsection.2.5.2}{\376\377\0002\000.\0005\000.\0002\000\040\147\201\123\026\137\072\136\246\167\342\221\317}{section.2.5}% 23
\BOOKMARK [2][]{subsection.2.5.3}{\376\377\0002\000.\0005\000.\0003\000\040\000r\000e\000d\116\313\215\050\116\055\166\204\232\330\145\257\133\232\164\006}{section.2.5}% 24
\BOOKMARK [1][]{section.2.6}{\376\377\0002\000.\0006\000\040\165\065\133\271}{chapter.2}% 25
\BOOKMARK [2][]{subsection.2.6.1}{\376\377\0002\000.\0006\000.\0001\000\040\000r\000e\000d\165\065\133\271\126\150}{section.2.6}% 26
\BOOKMARK [2][]{subsection.2.6.2}{\376\377\0002\000.\0006\000.\0002\000\040\136\070\211\301\165\065\133\271\126\150\166\204\165\065\133\271}{section.2.6}% 27
\BOOKMARK [2][]{subsection.2.6.3}{\376\377\0002\000.\0006\000.\0003\000\040\000r\000e\000d\165\065\133\271\166\204\213\241\173\227\145\271\154\325}{section.2.6}% 28
\BOOKMARK [1][]{section.2.7}{\376\377\0002\000.\0007\000\040\165\065\127\072\200\375}{chapter.2}% 29
\BOOKMARK [2][]{subsection.2.7.1}{\376\377\0002\000.\0007\000.\0001\000\040\000r\000e\000d\165\065\127\072\200\375\133\306\136\246}{section.2.7}% 30
\BOOKMARK [2][]{subsection.2.7.2}{\376\377\0002\000.\0007\000.\0002\000\040\000r\000e\000d\165\065\127\072\200\375}{section.2.7}% 31
\BOOKMARK [1][]{section.2.8}{\376\377\0002\000.\0008\000\040\116\140\230\230\213\255\176\303}{chapter.2}% 32
\BOOKMARK [0][]{chapter.3}{\376\377\0003\000\040\170\301\133\146}{}% 33
\BOOKMARK [1][]{section.3.1}{\376\377\0003\000.\0001\000\040\170\301\141\037\136\224\137\072\136\246}{chapter.3}% 34
\BOOKMARK [2][]{subsection.3.1.1}{\376\377\0003\000.\0001\000.\0001\000\040\000r\000e\000d\153\325\131\145\204\050\117\020\134\024\133\232\137\213}{section.3.1}% 35
\BOOKMARK [2][]{subsection.3.1.2}{\376\377\0003\000.\0001\000.\0002\000\040\000r\000e\000d\133\211\127\371\163\257\215\357\133\232\164\006}{section.3.1}% 36
\BOOKMARK [2][]{subsection.3.1.3}{\376\377\0003\000.\0001\000.\0003\000\040\136\070\211\301\166\204\133\374\117\123\170\301\141\037\136\224\137\072\136\246\140\073\176\323}{section.3.1}% 37
\BOOKMARK [1][]{section.3.2}{\376\377\0003\000.\0002\000\040\170\301\220\032\221\317\166\204\232\330\145\257\133\232\164\006}{chapter.3}% 38
\BOOKMARK [2][]{subsection.3.2.1}{\376\377\0003\000.\0002\000.\0001\000\040\000r\000e\000d\170\301\220\032\221\317}{section.3.2}% 39
\BOOKMARK [2][]{subsection.3.2.2}{\376\377\0003\000.\0002\000.\0002\000\040\000r\000e\000d\232\330\145\257\133\232\164\006}{section.3.2}% 40
\BOOKMARK [2][]{subsection.3.2.3}{\376\377\0003\000.\0002\000.\0003\000\040\000r\000e\000d\170\301\167\342\122\277}{section.3.2}% 41
\BOOKMARK [1][]{section.3.3}{\376\377\0003\000.\0003\000\040\170\301\127\072\133\371\217\175\155\101\133\374\176\277\166\204\117\134\165\050}{chapter.3}% 42
\BOOKMARK [2][]{subsection.3.3.1}{\376\377\0003\000.\0003\000.\0001\000\040\000r\000e\000d\133\211\127\371\122\233}{section.3.3}% 43
\BOOKMARK [2][]{subsection.3.3.2}{\376\377\0003\000.\0003\000.\0002\000\040\000r\000e\000d\170\301\167\351}{section.3.3}% 44
\BOOKMARK [2][]{subsection.3.3.3}{\376\377\0003\000.\0003\000.\0003\000\040\000r\000e\000d\170\301\122\233\167\351}{section.3.3}% 45
\BOOKMARK [1][]{section.3.4}{\376\377\0003\000.\0004\000\040\136\046\165\065\174\222\133\120\127\050\170\301\127\072\116\055\166\204\217\320\122\250}{chapter.3}% 46
\BOOKMARK [2][]{subsection.3.4.1}{\376\377\0003\000.\0004\000.\0001\000\040\000r\000e\000d\155\033\117\046\121\171\122\233}{section.3.4}% 47
\BOOKMARK [1][]{section.3.5}{\376\377\0003\000.\0005\000\040\170\301\116\313\215\050}{chapter.3}% 48
\BOOKMARK [2][]{subsection.3.5.1}{\376\377\0003\000.\0005\000.\0001\000\040\000r\000e\000d\170\301\116\313\215\050}{section.3.5}% 49
\BOOKMARK [1][]{section.3.6}{\376\377\0003\000.\0006\000\040\170\301\127\072\166\204\122\237\116\016\200\375}{chapter.3}% 50
\BOOKMARK [2][]{subsection.3.6.1}{\376\377\0003\000.\0006\000.\0001\000\040\000r\000e\000d\217\175\155\101\133\374\117\123\217\320\122\250\145\366\166\204\122\237}{section.3.6}% 51
\BOOKMARK [2][]{subsection.3.6.2}{\376\377\0003\000.\0006\000.\0002\000\040\000r\000e\000d\170\301\127\072\200\375}{section.3.6}% 52
\BOOKMARK [1][]{section.3.7}{\376\377\0003\000.\0007\000\040\116\140\230\230\213\255\176\303}{chapter.3}% 53
\BOOKMARK [0][]{chapter.4}{\376\377\0004\000\040\165\065\170\301\141\037\136\224}{}% 54
\BOOKMARK [1][]{section.4.1}{\376\377\0004\000.\0001\000\040\165\065\170\301\141\037\136\224}{chapter.4}% 55
\BOOKMARK [2][]{subsection.4.1.1}{\376\377\0004\000.\0001\000.\0001\000\040\000r\000e\000d\141\037\165\037\165\065\122\250\122\277}{section.4.1}% 56
\BOOKMARK [2][]{subsection.4.1.2}{\376\377\0004\000.\0001\000.\0002\000\040\000r\000e\000d\122\250\165\037\165\065\122\250\122\277}{section.4.1}% 57
\BOOKMARK [1][]{section.4.2}{\376\377\0004\000.\0002\000\040\201\352\141\037\116\016\116\222\141\037}{chapter.4}% 58
\BOOKMARK [2][]{subsection.4.2.1}{\376\377\0004\000.\0002\000.\0001\000\040\000r\000e\000d\201\352\141\037\116\016\116\222\141\037}{section.4.2}% 59
\BOOKMARK [2][]{subsection.4.2.2}{\376\377\0004\000.\0002\000.\0002\000\040\000r\000e\000d\201\352\141\037\170\301\200\375\116\016\116\222\141\037\170\301\200\375}{section.4.2}% 60
\BOOKMARK [2][]{subsection.4.2.3}{\376\377\0004\000.\0002\000.\0003\000\040\000r\000e\000d\236\246\121\113\145\257\227\346\145\271\172\013\176\304}{section.4.2}% 61
\BOOKMARK [1][]{section.4.3}{\376\377\0004\000.\0003\000\040\116\140\230\230\213\255\176\303}{chapter.4}% 62
\BOOKMARK [0][]{chapter.5}{\376\377\0005\000\040\213\301\146\016\230\230\116\023\150\017}{}% 63
