\BOOKMARK [0][]{chapter.1}{\376\377\0001\000\040\124\310\140\151\000-\135\364\142\377\215\153\133\232\164\006\060\002\121\161\217\155\121\370\121\375\145\160\164\006\213\272\133\374\213\272}{}% 1
\BOOKMARK [1][]{section.1.1}{\376\377\0001\000.\0001\000\040\124\310\140\151\000-\135\364\142\377\215\153\133\232\164\006\166\204\211\343\147\220\137\142\137\017\377\032\176\277\140\047\154\333\121\375\166\204\142\151\137\040}{chapter.1}% 2
\BOOKMARK [1][]{section.1.2}{\376\377\0001\000.\0002\000\040\124\310\140\151\000-\135\364\142\377\215\153\133\232\164\006\166\204\121\340\117\125\137\142\137\017\377\032\121\370\226\306\166\204\122\006\171\273}{chapter.1}% 3
\BOOKMARK [1][]{section.1.3}{\376\377\0001\000.\0003\000\040\133\371\120\166\172\172\225\364\000\040\000E\000*\000*\377\014\153\143\116\244\121\163\174\373}{chapter.1}% 4
\BOOKMARK [1][]{section.1.4}{\376\377\0001\000.\0004\000\040\121\161\217\155\121\370\121\375\145\160\164\006\213\272\173\200\116\313}{chapter.1}% 5
\BOOKMARK [0][]{chapter.2}{\376\377\0002\000\040\116\000\201\364\147\011\165\114\140\047\123\237\164\006\124\214\225\355\126\376\120\317\133\232\164\006}{}% 6
\BOOKMARK [1][]{section.2.1}{\376\377\0002\000.\0001\000\040\215\035\134\024\176\262\133\232\164\006}{chapter.2}% 7
\BOOKMARK [1][]{section.2.2}{\376\377\0002\000.\0002\000\040\116\000\201\364\147\011\165\114\140\047\123\237\164\006}{chapter.2}% 8
\BOOKMARK [1][]{section.2.3}{\376\377\0002\000.\0003\000\040\137\000\146\040\134\004\133\232\164\006\124\214\225\355\126\376\120\317\133\232\164\006}{chapter.2}% 9
\BOOKMARK [1][]{section.2.4}{\376\377\0002\000.\0004\000\040\210\145\133\120\172\172\225\364\377\014\176\277\140\047\173\227\133\120\166\204\135\346\123\363\123\357\220\006\140\047}{chapter.2}% 10
\BOOKMARK [1][]{section.2.5}{\376\377\0002\000.\0005\000\040\121\215\213\272\153\143\116\244\140\047}{chapter.2}% 11
\BOOKMARK [1][]{section.2.6}{\376\377\0002\000.\0006\000\040\145\340\165\114\176\277\140\047\173\227\133\120\173\200\116\313\377\014\117\064\226\217\166\204\133\232\116\111}{chapter.2}% 12
\BOOKMARK [1][]{section.2.7}{\376\377\0002\000.\0007\000\040\173\227\133\120\166\204\225\355\120\074\127\337\122\073\165\073}{chapter.2}% 13
\BOOKMARK [0][]{chapter.3}{\376\377\0003\000\040\137\061\142\323\142\121\060\001\201\352\123\315\172\172\225\364\060\001\123\357\122\006\172\172\225\364\060\001\116\000\201\364\121\370\140\047}{}% 14
\BOOKMARK [1][]{section.3.1}{\376\377\0003\000.\0001\000\040\117\177\116\000\145\317\146\040\134\004\217\336\176\355\166\204\147\000\174\227\142\323\142\121}{chapter.3}% 15
\BOOKMARK [1][]{section.3.2}{\376\377\0003\000.\0002\000\040\137\061\142\323\142\121\000\040\000\050\000E\000,\000\040\000E\000*\000\051\000\040\166\204\133\232\116\111\116\016\127\372\147\054\140\047\215\050}{chapter.3}% 16
\BOOKMARK [1][]{section.3.3}{\376\377\0003\000.\0003\000\040\137\061\142\323\142\121\060\001\121\370\226\306\116\016\176\277\140\047\173\227\133\120}{chapter.3}% 17
\BOOKMARK [1][]{section.3.4}{\376\377\0003\000.\0004\000\040\137\061\000*\142\323\142\121\000\040\000\050\000E\000*\000,\000\040\000E\000\051}{chapter.3}% 18
\BOOKMARK [1][]{section.3.5}{\376\377\0003\000.\0005\000\040\201\352\123\315\172\172\225\364}{chapter.3}% 19
\BOOKMARK [1][]{section.3.6}{\376\377\0003\000.\0006\000\040\123\357\122\006\172\172\225\364}{chapter.3}% 20
\BOOKMARK [1][]{section.3.7}{\376\377\0003\000.\0007\000\040\116\000\201\364\121\370\172\172\225\364}{chapter.3}% 21
\BOOKMARK [0][]{chapter.4}{\376\377\0004\000\040\000L\000p\000\040\172\172\225\364}{}% 22
\BOOKMARK [1][]{section.4.1}{\376\377\0004\000.\0001\000\040\116\000\116\233\153\317\116\052\116\272\220\375\137\305\230\173\167\345\220\123\166\204\171\357\122\006\176\323\147\234}{chapter.4}% 23
\BOOKMARK [1][]{section.4.2}{\376\377\0004\000.\0002\000\040\000L\000p\000\040\172\172\225\364\166\204\133\232\116\111\124\214\127\372\147\054\140\047\215\050}{chapter.4}% 24
\BOOKMARK [1][]{section.4.3}{\376\377\0004\000.\0003\000\040\201\352\123\315\140\047\000,\000\040\000L\000p\000\040\166\204\133\371\120\166}{chapter.4}% 25
\BOOKMARK [1][]{section.4.4}{\376\377\0004\000.\0004\000\040\123\167\171\357\116\016\153\143\122\031\123\026}{chapter.4}% 26
\BOOKMARK [1][]{section.4.5}{\376\377\0004\000.\0005\000\040\000L\000p\000\040\116\055\137\072\175\047\140\047\166\204\122\044\143\156}{chapter.4}% 27
\BOOKMARK [0][]{chapter.5}{\376\377\0005\000\040\136\014\134\024\117\057\162\171\172\172\225\364}{}% 28
\BOOKMARK [1][]{section.5.1}{\376\377\0005\000.\0001\000\040\133\232\116\111\116\016\127\372\147\054\140\047\215\050\377\014\122\060\225\355\121\370\226\306\116\012\166\204\142\225\137\161}{chapter.5}% 29
\BOOKMARK [1][]{section.5.2}{\376\377\0005\000.\0002\000\040\136\014\134\024\117\057\162\171\172\172\225\364\166\204\133\371\120\166\172\172\225\364}{chapter.5}% 30
\BOOKMARK [1][]{section.5.3}{\376\377\0005\000.\0003\000\040\000S\000t\000a\000m\000p\000a\000c\000c\000h\000i\000a\000\040\124\214\000\040\000L\000a\000x\000-\000M\000i\000l\000g\000r\000a\000m\000\040\133\232\164\006}{chapter.5}% 31
\BOOKMARK [1][]{section.5.4}{\376\377\0005\000.\0004\000\040\136\014\134\024\117\057\162\171\124\214\377\014\150\007\121\306\153\143\116\244\127\372}{chapter.5}% 32
\BOOKMARK [0][]{chapter.6}{\376\377\0006\000\040\175\047\173\227\133\120\060\002\201\352\117\064\175\047\173\227\133\120\166\204\214\061\122\006\211\343}{}% 33
\BOOKMARK [1][]{section.6.1}{\376\377\0006\000.\0001\000\040\133\232\116\111\060\001\127\372\147\054\140\047\215\050\060\001\117\064\226\217\173\227\133\120}{chapter.6}% 34
\BOOKMARK [1][]{section.6.2}{\376\377\0006\000.\0002\000\040\000R\000i\000e\000s\000z\000-\000F\000r\000e\000d\000h\000o\000l\000m\000\040\164\006\213\272}{chapter.6}% 35
\BOOKMARK [1][]{section.6.3}{\376\377\0006\000.\0003\000\040\175\047\173\227\133\120\166\204\214\061}{chapter.6}% 36
\BOOKMARK [1][]{section.6.4}{\376\377\0006\000.\0004\000\040\201\352\117\064\175\047\173\227\133\120\166\204\214\061\122\006\211\343}{chapter.6}% 37
