\BOOKMARK [0][]{chapter.1}{\376\377\0001\000\040\117\123\174\373\136\372\172\313}{}% 1
\BOOKMARK [0][]{chapter.2}{\376\377\0002\000\040\213\241\173\227\220\350\122\006\116\023\176\303}{}% 2
\BOOKMARK [1][]{section.2.1}{\376\377\0002\000.\0001\000\040\123\357\122\006\171\273\123\330\221\317\166\204\137\256\122\006\145\271\172\013}{chapter.2}% 3
\BOOKMARK [2][]{subsection.2.1.1}{\376\377\0002\000.\0001\000.\0001\000\040\237\120\153\041\137\256\122\006\145\271\172\013}{section.2.1}% 4
\BOOKMARK [2][]{subsection.2.1.2}{\376\377\0002\000.\0001\000.\0002\000\040\145\164\117\123\143\142\121\103\127\213\137\256\122\006\145\271\172\013}{section.2.1}% 5
\BOOKMARK [2][]{subsection.2.1.3}{\376\377\0002\000.\0001\000.\0003\000\040\174\173\237\120\153\041\137\256\122\006\145\271\172\013}{section.2.1}% 6
\BOOKMARK [1][]{section.2.2}{\376\377\0002\000.\0002\000\040\116\000\226\066\227\136\237\120\153\041\176\277\140\047\137\256\122\006\145\271\172\013}{chapter.2}% 7
\BOOKMARK [2][]{subsection.2.2.1}{\376\377\0002\000.\0002\000.\0001\000\040\116\015\133\232\171\357\122\006\145\271\154\325\162\171\213\255\000\050\122\006\220\350\171\357\122\006\000\051}{section.2.2}% 8
\BOOKMARK [3][]{subsubsection.2.2.1.1}{\376\377\0002\000.\0002\000.\0001\000.\0001\000\040\131\032\230\171\137\017\116\011\211\322\000\050\143\007\145\160\000\051}{subsection.2.2.1}% 9
\BOOKMARK [3][]{subsubsection.2.2.1.2}{\376\377\0002\000.\0002\000.\0001\000.\0002\000\040\116\011\211\322\121\375\145\160\143\007\145\160\121\375\145\160}{subsection.2.2.1}% 10
\BOOKMARK [3][]{subsubsection.2.2.1.3}{\376\377\0002\000.\0002\000.\0001\000.\0003\000\040\116\373\141\017\121\375\145\160\133\374\116\000\153\041\123\330\137\142\121\375\145\160}{subsection.2.2.1}% 11
\BOOKMARK [2][]{subsection.2.2.2}{\376\377\0002\000.\0002\000.\0002\000\040\136\070\145\160\123\330\146\023\154\325}{section.2.2}% 12
\BOOKMARK [1][]{section.2.3}{\376\377\0002\000.\0003\000\040\117\057\122\252\122\051\145\271\172\013}{chapter.2}% 13
\BOOKMARK [1][]{section.2.4}{\376\377\0002\000.\0004\000\040\140\160\137\123\145\271\172\013}{chapter.2}% 14
\BOOKMARK [2][]{subsection.2.4.1}{\376\377\0002\000.\0004\000.\0001\000\040\140\160\137\123\145\271\172\013}{section.2.4}% 15
\BOOKMARK [2][]{subsection.2.4.2}{\376\377\0002\000.\0004\000.\0002\000\040\227\136\140\160\137\123\145\271\172\013\123\026\116\072\140\160\137\123\145\271\172\013}{section.2.4}% 16
\BOOKMARK [1][]{section.2.5}{\376\377\0002\000.\0005\000\040\116\000\226\066\226\220\137\017\137\256\122\006\145\271\172\013}{chapter.2}% 17
\BOOKMARK [1][]{section.2.6}{\376\377\0002\000.\0006\000\040\136\070\174\373\145\160\237\120\153\041\176\277\140\047\137\256\122\006\145\271\172\013}{chapter.2}% 18
\BOOKMARK [1][]{section.2.7}{\376\377\0002\000.\0007\000\040\116\214\226\066\136\070\174\373\145\160\227\136\237\120\153\041\176\277\140\047\137\256\122\006\145\271\172\013}{chapter.2}% 19
\BOOKMARK [1][]{section.2.8}{\376\377\0002\000.\0008\000\040\136\070\174\373\145\160\237\120\153\041\176\277\140\047\137\256\122\006\145\271\172\013}{chapter.2}% 20
\BOOKMARK [2][]{subsection.2.8.1}{\376\377\0002\000.\0008\000.\0001\000\040\162\171\211\343\166\204\154\102\154\325}{section.2.8}% 21
\BOOKMARK [3][]{subsubsection.2.8.1.1}{\376\377\0002\000.\0008\000.\0001\000.\0001\000\040\000f\000\050\000x\000\051\000=\000k\000e\000x\000\050\000D\143\142\000\051}{subsection.2.8.1}% 22
\BOOKMARK [3][]{subsubsection.2.8.1.2}{\376\377\0002\000.\0008\000.\0001\000.\0002\000\040\000f\000\050\000x\000\051\000=\000\050\000x\000\051\142\026\200\005\000f\000\050\000x\000\051\000=\000\050\000x\000\051\000\050\000D\0002\143\142\000-\0002\000\051}{subsection.2.8.1}% 23
\BOOKMARK [3][]{subsubsection.2.8.1.3}{\376\377\0002\000.\0008\000.\0001\000.\0003\000\040\000f\000\050\000x\000\051\000=\000P\000\050\000x\000\051\000Q\000\050\000x\000\051}{subsection.2.8.1}% 24
\BOOKMARK [1][]{section.2.9}{\376\377\0002\000.\0009\000\040\176\277\140\047\137\256\122\006\145\271\172\013\176\304}{chapter.2}% 25
\BOOKMARK [2][]{subsection.2.9.1}{\376\377\0002\000.\0009\000.\0001\000\040\237\120\153\041\176\277\140\047\137\256\122\006\145\271\172\013\176\304}{section.2.9}% 26
\BOOKMARK [0][]{chapter.3}{\376\377\0003\000\040\213\301\146\016\230\230\220\350\122\006\116\023\176\303}{}% 27
\BOOKMARK [1][]{section.3.1}{\376\377\0003\000.\0001\000\040\220\020\153\145\220\074\217\321\154\325}{chapter.3}% 28
\BOOKMARK [1][]{section.3.2}{\376\377\0003\000.\0002\000\040\211\343\166\204\133\130\127\050\125\057\116\000\140\047}{chapter.3}% 29
\BOOKMARK [1][]{section.3.3}{\376\377\0003\000.\0003\000\040\211\343\166\204\136\366\142\323}{chapter.3}% 30
\BOOKMARK [1][]{section.3.4}{\376\377\0003\000.\0004\000\040\211\343\133\371\122\035\120\074\166\204\217\336\176\355\140\047\124\214\123\357\137\256\140\047}{chapter.3}% 31
