\BOOKMARK [0][]{chapter.1}{\376\377\0001\000\040\116\000\121\103\121\375\145\160\171\357\122\006\133\146}{}% 1
\BOOKMARK [1][]{section.1.1}{\376\377\0001\000.\0001\000\040\133\232\171\357\122\006}{chapter.1}% 2
\BOOKMARK [2][]{subsection.1.1.1}{\376\377\0001\000.\0001\000.\0001\000\040\133\232\171\357\122\006\166\204\151\202\137\365\124\214\123\357\171\357\147\141\116\366}{section.1.1}% 3
\BOOKMARK [3][]{subsubsection.1.1.1.1}{\376\377\0001\000.\0001\000.\0001\000.\0001\000\040\133\232\171\357\122\006\166\204\133\232\116\111}{subsection.1.1.1}% 4
\BOOKMARK [3][]{subsubsection.1.1.1.2}{\376\377\0001\000.\0001\000.\0001\000.\0002\000\040\123\357\171\357\147\141\116\366}{subsection.1.1.1}% 5
\BOOKMARK [3][]{subsubsection.1.1.1.3}{\376\377\0001\000.\0001\000.\0001\000.\0003\000\040\116\140\230\230\176\303\116\140}{subsection.1.1.1}% 6
\BOOKMARK [2][]{subsection.1.1.2}{\376\377\0001\000.\0001\000.\0002\000\040\133\232\171\357\122\006\166\204\140\047\215\050}{section.1.1}% 7
\BOOKMARK [3][]{subsubsection.1.1.2.1}{\376\377\0001\000.\0001\000.\0002\000.\0001\000\040\171\357\122\006\116\055\120\074\133\232\164\006}{subsection.1.1.2}% 8
\BOOKMARK [3][]{subsubsection.1.1.2.2}{\376\377\0001\000.\0001\000.\0002\000.\0002\000\040\133\371\171\357\122\006\154\102\147\201\226\120}{subsection.1.1.2}% 9
\BOOKMARK [3][]{subsubsection.1.1.2.3}{\376\377\0001\000.\0001\000.\0002\000.\0003\000\040\116\140\230\230\176\303\116\140}{subsection.1.1.2}% 10
\BOOKMARK [2][]{subsection.1.1.3}{\376\377\0001\000.\0001\000.\0003\000\040\123\330\226\120\171\357\122\006}{section.1.1}% 11
\BOOKMARK [3][]{subsubsection.1.1.3.1}{\376\377\0001\000.\0001\000.\0003\000.\0001\000\040\116\140\230\230\176\303\116\140}{subsection.1.1.3}% 12
\BOOKMARK [2][]{subsection.1.1.4}{\376\377\0001\000.\0001\000.\0004\000\040\133\232\171\357\122\006\166\204\121\340\117\125\136\224\165\050}{section.1.1}% 13
\BOOKMARK [3][]{subsubsection.1.1.4.1}{\376\377\0001\000.\0001\000.\0004\000.\0001\000\040\136\163\227\142\146\362\176\277\137\047\225\177}{subsection.1.1.4}% 14
\BOOKMARK [3][]{subsubsection.1.1.4.2}{\376\377\0001\000.\0001\000.\0004\000.\0002\000\040\145\313\217\154\117\123\117\123\171\357}{subsection.1.1.4}% 15
\BOOKMARK [3][]{subsubsection.1.1.4.3}{\376\377\0001\000.\0001\000.\0004\000.\0003\000\040\145\313\217\154\146\362\227\142\227\142\171\357}{subsection.1.1.4}% 16
\BOOKMARK [3][]{subsubsection.1.1.4.4}{\376\377\0001\000.\0001\000.\0004\000.\0004\000\040\000G\000u\000l\000d\000i\000n\133\232\164\006}{subsection.1.1.4}% 17
\BOOKMARK [2][]{subsection.1.1.5}{\376\377\0001\000.\0001\000.\0005\000\040\116\015\173\111\137\017}{section.1.1}% 18
\BOOKMARK [3][]{subsubsection.1.1.5.1}{\376\377\0001\000.\0001\000.\0005\000.\0001\000\040\121\370\121\375\145\160\116\015\173\111\137\017}{subsection.1.1.5}% 19
\BOOKMARK [2][]{subsection.1.1.6}{\376\377\0001\000.\0001\000.\0006\000\040\133\232\171\357\122\006\213\241\173\227\147\201\226\120}{section.1.1}% 20
\BOOKMARK [1][]{section.1.2}{\376\377\0001\000.\0002\000\040\123\315\136\070\171\357\122\006}{chapter.1}% 21
\BOOKMARK [2][]{subsection.1.2.1}{\376\377\0001\000.\0002\000.\0001\000\040\123\315\136\070\171\357\122\006\145\143\145\133\140\047\122\044\145\255\000\050\145\340\226\077\215\035\134\024\124\214\217\352\122\051\121\113\226\367\000\051}{section.1.2}% 22
\BOOKMARK [0][]{chapter.2}{\376\377\0002\000\040\176\247\145\160}{}% 23
\BOOKMARK [1][]{section.2.1}{\376\377\0002\000.\0001\000\040\136\070\145\160\230\171\176\247\145\160}{chapter.2}% 24
\BOOKMARK [2][]{subsection.2.1.1}{\376\377\0002\000.\0001\000.\0001\000\040\145\340\172\167\176\247\145\160\166\204\127\372\147\054\151\202\137\365}{section.2.1}% 25
\BOOKMARK [2][]{subsection.2.1.2}{\376\377\0002\000.\0001\000.\0002\000\040\153\143\230\171\176\247\145\160}{section.2.1}% 26
\BOOKMARK [3][]{subsubsection.2.1.2.1}{\376\377\0002\000.\0001\000.\0002\000.\0001\000\040\153\324\217\203\122\044\122\053\154\325\166\204\116\000\202\054\137\142\137\017}{subsection.2.1.2}% 27
\BOOKMARK [2][]{subsection.2.1.3}{\376\377\0002\000.\0001\000.\0003\000\040\153\324\217\203\122\044\122\053\154\325\166\204\162\171\153\212\137\142\137\017}{section.2.1}% 28
\BOOKMARK [2][]{subsection.2.1.4}{\376\377\0002\000.\0001\000.\0004\000\040\116\000\202\054\230\171\176\247\145\160}{section.2.1}% 29
\BOOKMARK [3][]{subsubsection.2.1.4.1}{\376\377\0002\000.\0001\000.\0004\000.\0001\000\040\116\000\202\054\230\171\176\247\145\160\166\204\145\133\145\143\140\047\122\044\122\053\154\325}{subsection.2.1.4}% 30
\BOOKMARK [3][]{subsubsection.2.1.4.2}{\376\377\0002\000.\0001\000.\0004\000.\0002\000\040\116\000\202\054\230\171\176\247\145\160\166\204\127\372\147\054\140\047\215\050}{subsection.2.1.4}% 31
\BOOKMARK [1][]{section.2.2}{\376\377\0002\000.\0002\000\040\121\375\145\160\230\171\176\247\145\160}{chapter.2}% 32
\BOOKMARK [2][]{subsection.2.2.1}{\376\377\0002\000.\0002\000.\0001\000\040\121\375\145\160\122\027\166\204\116\000\201\364\145\066\145\133\140\047}{section.2.2}% 33
\BOOKMARK [2][]{subsection.2.2.2}{\376\377\0002\000.\0002\000.\0002\000\040\121\375\145\160\122\027\166\204\116\000\201\364\145\066\145\133\140\047\166\204\122\044\122\053}{section.2.2}% 34
\BOOKMARK [2][]{subsection.2.2.3}{\376\377\0002\000.\0002\000.\0003\000\040\121\375\145\160\230\171\176\247\145\160\166\204\116\000\201\364\145\066\145\133\140\047}{section.2.2}% 35
\BOOKMARK [2][]{subsection.2.2.4}{\376\377\0002\000.\0002\000.\0004\000\040\121\375\145\160\230\171\176\247\145\160\166\204\116\000\201\364\145\066\145\133\140\047\166\204\122\044\122\053}{section.2.2}% 36
\BOOKMARK [1][]{section.2.3}{\376\377\0002\000.\0003\000\040\136\102\176\247\145\160}{chapter.2}% 37
\BOOKMARK [2][]{subsection.2.3.1}{\376\377\0002\000.\0003\000.\0001\000\040\145\066\145\133\127\337\124\214\145\066\145\133\123\112\137\204}{section.2.3}% 38
\BOOKMARK [2][]{subsection.2.3.2}{\376\377\0002\000.\0003\000.\0002\000\040\136\102\176\247\145\160\166\204\140\047\215\050}{section.2.3}% 39
\BOOKMARK [2][]{subsection.2.3.3}{\376\377\0002\000.\0003\000.\0003\000\040\136\102\176\247\145\160\134\125\137\000}{section.2.3}% 40
\BOOKMARK [2][]{subsection.2.3.4}{\376\377\0002\000.\0003\000.\0004\000\040\136\102\176\247\145\160\154\102\124\214}{section.2.3}% 41
\BOOKMARK [3][]{subsubsection.2.3.4.1}{\376\377\0002\000.\0003\000.\0004\000.\0001\000\040\154\102\133\374\154\325}{subsection.2.3.4}% 42
\BOOKMARK [3][]{subsubsection.2.3.4.2}{\376\377\0002\000.\0003\000.\0004\000.\0002\000\040\136\102\176\247\145\160\166\204\217\320\173\227}{subsection.2.3.4}% 43
\BOOKMARK [0][]{chapter.3}{\376\377\0003\000\040\131\032\121\103\121\375\145\160\137\256\122\006\133\146}{}% 44
\BOOKMARK [1][]{section.3.1}{\376\377\0003\000.\0001\000\040\127\372\147\054\151\202\137\365}{chapter.3}% 45
\BOOKMARK [2][]{subsection.3.1.1}{\376\377\0003\000.\0001\000.\0001\000\040\116\214\121\103\121\375\145\160\123\312\121\166\133\232\116\111\127\337}{section.3.1}% 46
\BOOKMARK [3][]{subsubsection.3.1.1.1}{\376\377\0003\000.\0001\000.\0001\000.\0001\000\040\000n\176\364\173\227\147\057\172\172\225\364}{subsection.3.1.1}% 47
\BOOKMARK [3][]{subsubsection.3.1.1.2}{\376\377\0003\000.\0001\000.\0001\000.\0002\000\040\000n\176\364\172\172\225\364\121\205\166\204\123\072\127\337}{subsection.3.1.1}% 48
\BOOKMARK [3][]{subsubsection.3.1.1.3}{\376\377\0003\000.\0001\000.\0001\000.\0003\000\040\137\000\127\337\123\312\225\355\127\337\166\204\116\000\202\054\133\232\116\111}{subsection.3.1.1}% 49
\BOOKMARK [1][]{section.3.2}{\376\377\0003\000.\0002\000\040\217\336\176\355\121\375\145\160}{chapter.3}% 50
\BOOKMARK [1][]{section.3.3}{\376\377\0003\000.\0003\000\040\131\032\121\103\121\375\145\160\166\204\133\374\145\160\124\214\137\256\122\006}{chapter.3}% 51
\BOOKMARK [1][]{section.3.4}{\376\377\0003\000.\0004\000\040\232\330\226\066\133\374\145\160\124\214\137\256\122\006}{chapter.3}% 52
\BOOKMARK [1][]{section.3.5}{\376\377\0003\000.\0005\000\040\147\201\120\074}{chapter.3}% 53
