\BOOKMARK [0][]{chapter.1}{\376\377\0001\000\040\176\277\140\047\116\343\145\160\176\323\213\272}{}% 1
\BOOKMARK [1][]{section.1.1}{\376\377\0001\000.\0001\000\040\116\055\126\375\122\151\117\131\133\232\164\006}{chapter.1}% 2
\BOOKMARK [1][]{section.1.2}{\376\377\0001\000.\0002\000\040\167\351\226\065\122\006\211\343}{chapter.1}% 3
\BOOKMARK [1][]{section.1.3}{\376\377\0001\000.\0003\000\040\124\014\145\366\166\370\117\074\133\371\211\322\123\026}{chapter.1}% 4
\BOOKMARK [1][]{section.1.4}{\376\377\0001\000.\0004\000\040\124\014\145\366\124\010\124\014\133\371\211\322\123\026}{chapter.1}% 5
\BOOKMARK [1][]{section.1.5}{\376\377\0001\000.\0005\000\040\137\252\163\257\210\114\122\027\137\017}{chapter.1}% 6
\BOOKMARK [1][]{section.1.6}{\376\377\0001\000.\0006\000\040\167\351\226\065\166\204\124\310\217\276\232\154\171\357\124\214\121\113\177\127\121\205\121\113\171\357}{chapter.1}% 7
\BOOKMARK [1][]{section.1.7}{\376\377\0001\000.\0007\000\040\167\351\226\065\172\172\225\364\116\012\166\204\176\317\121\170\176\277\140\047\146\040\134\004}{chapter.1}% 8
\BOOKMARK [1][]{section.1.8}{\376\377\0001\000.\0008\000\040\116\244\176\323\145\160}{chapter.1}% 9
\BOOKMARK [1][]{section.1.9}{\376\377\0001\000.\0009\000\040\211\206\166\326\133\232\164\006}{chapter.1}% 10
\BOOKMARK [1][]{section.1.10}{\376\377\0001\000.\0001\0000\000\040\153\143\211\304\167\351\226\065}{chapter.1}% 11
\BOOKMARK [1][]{section.1.11}{\376\377\0001\000.\0001\0001\000\040\204\127\124\015\167\351\226\065\166\204\220\006\167\351\226\065}{chapter.1}% 12
\BOOKMARK [1][]{section.1.12}{\376\377\0001\000.\0001\0002\000\040\116\011\133\371\211\322\167\351\226\065}{chapter.1}% 13
\BOOKMARK [1][]{section.1.13}{\376\377\0001\000.\0001\0003\000\040\167\351\226\065\176\247\145\160}{chapter.1}% 14
\BOOKMARK [0][]{chapter.2}{\376\377\0002\000\040\122\006\147\220\140\035\140\363}{}% 15
\BOOKMARK [1][]{section.2.1}{\376\377\0002\000.\0001\000\040\227\136\215\037\167\351\226\065\164\006\213\272}{chapter.2}% 16
\BOOKMARK [1][]{section.2.2}{\376\377\0002\000.\0002\000\040\165\050\167\351\226\065\166\204\211\302\160\271\211\343\230\230}{chapter.2}% 17
\BOOKMARK [1][]{section.2.3}{\376\377\0002\000.\0003\000\040\165\050\116\343\145\160\166\204\211\302\160\271\211\343\230\230}{chapter.2}% 18
\BOOKMARK [1][]{section.2.4}{\376\377\0002\000.\0004\000\040\121\154\164\006\123\026\116\023\230\230}{chapter.2}% 19
\BOOKMARK [1][]{section.2.5}{\376\377\0002\000.\0005\000\040\167\351\226\065\172\172\225\364\176\364\145\160\147\201\120\074}{chapter.2}% 20
\BOOKMARK [1][]{section.2.6}{\376\377\0002\000.\0006\000\040\147\102\117\213}{chapter.2}% 21
\BOOKMARK [1][]{section.2.7}{\376\377\0002\000.\0007\000\040\145\160\133\146\174\173\176\277\140\047\116\343\145\160\147\102\230\230}{chapter.2}% 22
\BOOKMARK [1][]{section.2.8}{\376\377\0002\000.\0008\000\040\176\304\124\010\145\160\213\272\174\173}{chapter.2}% 23
\BOOKMARK [1][]{section.2.9}{\376\377\0002\000.\0009\000\040\145\160\133\146\174\173\131\032\230\171\137\017}{chapter.2}% 24
\BOOKMARK [1][]{section.2.10}{\376\377\0002\000.\0001\0000\000\040\122\006\127\006\131\032\230\171\137\017}{chapter.2}% 25
\BOOKMARK [1][]{section.2.11}{\376\377\0002\000.\0001\0001\000\040\116\000\116\233\221\315\211\201\122\044\122\053\154\325\124\214\176\323\213\272}{chapter.2}% 26
\BOOKMARK [1][]{section.2.12}{\376\377\0002\000.\0001\0002\000\040\131\032\230\171\137\017\147\102\230\230}{chapter.2}% 27
