\BOOKMARK [0][]{chapter.1}{\376\377\0001\000\040\137\025\213\272}{}% 1
\BOOKMARK [1][]{section.1.1}{\376\377\0001\000.\0001\000\040\145\160\120\074\217\320\173\227\166\204\213\357\135\356\117\060\213\241}{chapter.1}% 2
\BOOKMARK [1][]{section.1.2}{\376\377\0001\000.\0002\000\040\147\011\145\110\145\160\133\127\116\016\176\335\133\371\213\357\135\356\060\001\166\370\133\371\213\357\135\356\116\113\225\364\166\204\121\163\174\373}{chapter.1}% 3
\BOOKMARK [0][]{chapter.2}{\376\377\0002\000\040\143\322\120\074\131\032\230\171\137\017}{}% 4
\BOOKMARK [1][]{section.2.1}{\376\377\0002\000.\0001\000\040\142\311\150\074\147\027\145\345\143\322\120\074\131\032\230\171\137\017\123\312\121\166\117\131\230\171}{chapter.2}% 5
\BOOKMARK [1][]{section.2.2}{\376\377\0002\000.\0002\000\040\162\133\230\177\143\322\120\074\131\032\230\171\137\017}{chapter.2}% 6
\BOOKMARK [2][]{subsection.2.2.1}{\376\377\0002\000.\0002\000.\0001\000\040\135\356\125\106\166\204\140\047\215\050}{section.2.2}% 7
\BOOKMARK [0][]{chapter.3}{\376\377\0003\000\040\145\160\120\074\171\357\122\006\116\016\145\160\120\074\137\256\122\006}{}% 8
\BOOKMARK [1][]{section.3.1}{\376\377\0003\000.\0001\000\040\162\133\230\177\000-\171\321\162\171\145\257\121\154\137\017}{chapter.3}% 9
\BOOKMARK [1][]{section.3.2}{\376\377\0003\000.\0002\000\040\131\015\124\010\154\102\171\357\121\154\137\017}{chapter.3}% 10
\BOOKMARK [1][]{section.3.3}{\376\377\0003\000.\0003\000\040\232\330\145\257\154\102\171\357\121\154\137\017}{chapter.3}% 11
\BOOKMARK [0][]{chapter.4}{\376\377\0004\000\040\211\343\176\277\140\047\145\271\172\013\176\304\166\204\166\364\143\245\145\271\154\325}{}% 12
\BOOKMARK [1][]{section.4.1}{\376\377\0004\000.\0001\000\040\232\330\145\257\155\210\123\273\154\325\123\312\232\330\145\257\122\027\116\073\121\103\155\210\123\273\154\325}{chapter.4}% 13
\BOOKMARK [1][]{section.4.2}{\376\377\0004\000.\0002\000\040\167\351\226\065\166\204\116\011\211\322\122\006\211\343}{chapter.4}% 14
\BOOKMARK [1][]{section.4.3}{\376\377\0004\000.\0003\000\040\147\141\116\366\145\160}{chapter.4}% 15
\BOOKMARK [0][]{chapter.5}{\376\377\0005\000\040\211\343\176\277\140\047\145\271\172\013\176\304\166\204\217\355\116\343\154\325}{}% 16
\BOOKMARK [1][]{section.5.1}{\376\377\0005\000.\0001\000\040\116\011\171\315\217\355\116\343\154\325\166\204\217\355\116\343\121\154\137\017}{chapter.5}% 17
\BOOKMARK [0][]{chapter.6}{\376\377\0006\000\040\227\136\176\277\140\047\145\271\172\013\116\016\145\271\172\013\176\304\166\204\145\160\120\074\211\343\154\325}{}% 18
\BOOKMARK [1][]{section.6.1}{\376\377\0006\000.\0001\000\040\116\214\122\006\154\325\116\214\122\006\153\041\145\160\116\016\230\204\133\232\174\276\136\246\116\113\225\364\166\204\121\163\174\373}{chapter.6}% 19
\BOOKMARK [1][]{section.6.2}{\376\377\0006\000.\0002\000\040\116\015\122\250\160\271\217\355\116\343\154\325\145\066\145\133\123\321\145\143\140\305\121\265}{chapter.6}% 20
\BOOKMARK [0][]{chapter.7}{\376\377\0007\000\040\136\070\137\256\122\006\145\271\172\013\122\035\120\074\225\356\230\230\145\160\120\074\211\343\154\325}{}% 21
