\BOOKMARK [0][]{chapter.1}{\376\377\0001\000\040\230\204\131\007\167\345\213\306}{}% 1
\BOOKMARK [1][]{section.1.1}{\376\377\0001\000.\0001\000\040\124\021\221\317\172\172\225\364}{chapter.1}% 2
\BOOKMARK [1][]{section.1.2}{\376\377\0001\000.\0002\000\040\124\021\221\317\120\074\121\375\145\160}{chapter.1}% 3
\BOOKMARK [1][]{section.1.3}{\376\377\0001\000.\0003\000\040\121\340\117\125\123\330\143\142}{chapter.1}% 4
\BOOKMARK [2][]{subsection.1.3.1}{\376\377\0001\000.\0003\000.\0001\000\040\116\377\134\004\123\330\143\142}{section.1.3}% 5
\BOOKMARK [2][]{subsection.1.3.2}{\376\377\0001\000.\0003\000.\0002\000\040\173\111\215\335\123\330\143\142}{section.1.3}% 6
\BOOKMARK [2][]{subsection.1.3.3}{\376\377\0001\000.\0003\000.\0003\000\040\122\032\117\123\217\320\122\250}{section.1.3}% 7
\BOOKMARK [0][]{chapter.2}{\376\377\0002\000\040\146\362\176\277\213\272}{}% 8
\BOOKMARK [1][]{section.2.1}{\376\377\0002\000.\0001\000\040\146\362\176\277\124\214\153\143\122\031\146\362\176\277}{chapter.2}% 9
\BOOKMARK [1][]{section.2.2}{\376\377\0002\000.\0002\000\040\137\047\225\177\124\214\137\047\225\177\123\302\145\160}{chapter.2}% 10
\BOOKMARK [1][]{section.2.3}{\376\377\0002\000.\0003\000\040\146\362\163\207\124\214\143\040\163\207}{chapter.2}% 11
\BOOKMARK [2][]{subsection.2.3.1}{\376\377\0002\000.\0003\000.\0001\000\040\000F\000r\000e\000n\000e\000t\000\040\150\007\147\266}{section.2.3}% 12
\BOOKMARK [2][]{subsection.2.3.2}{\376\377\0002\000.\0003\000.\0002\000\040\146\362\163\207}{section.2.3}% 13
\BOOKMARK [2][]{subsection.2.3.3}{\376\377\0002\000.\0003\000.\0003\000\040\146\362\163\207\124\214\143\040\163\207\166\204\116\000\202\054\137\142\137\017}{section.2.3}% 14
\BOOKMARK [1][]{section.2.4}{\376\377\0002\000.\0004\000\040\146\362\176\277\213\272\127\372\147\054\133\232\164\006}{chapter.2}% 15
\BOOKMARK [2][]{subsection.2.4.1}{\376\377\0002\000.\0004\000.\0001\000\040\000F\000r\000e\000n\000e\000t\000\040\121\154\137\017}{section.2.4}% 16
\BOOKMARK [2][]{subsection.2.4.2}{\376\377\0002\000.\0004\000.\0002\000\040\125\057\116\000\140\047}{section.2.4}% 17
\BOOKMARK [2][]{subsection.2.4.3}{\376\377\0002\000.\0004\000.\0003\000\040\133\130\127\050\140\047}{section.2.4}% 18
\BOOKMARK [1][]{section.2.5}{\376\377\0002\000.\0005\000\040\146\362\176\277\127\050\116\000\160\271\131\004\166\204\134\125\137\000}{chapter.2}% 19
\BOOKMARK [1][]{section.2.6}{\376\377\0002\000.\0006\000\040\136\163\227\142\146\362\176\277\166\204\145\164\117\123\140\047\215\050}{chapter.2}% 20
\BOOKMARK [2][]{subsection.2.6.1}{\376\377\0002\000.\0006\000.\0001\000\040\173\111\124\150\225\356\230\230}{section.2.6}% 21
\BOOKMARK [2][]{subsection.2.6.2}{\376\377\0002\000.\0006\000.\0002\000\040\145\313\217\154\143\007\150\007\133\232\164\006}{section.2.6}% 22
\BOOKMARK [2][]{subsection.2.6.3}{\376\377\0002\000.\0006\000.\0003\000\040\126\333\230\166\160\271\133\232\164\006}{section.2.6}% 23
\BOOKMARK [0][]{chapter.3}{\376\377\0003\000\040\146\362\227\142\134\100\220\350\140\047\215\050}{}% 24
\BOOKMARK [1][]{section.3.1}{\376\377\0003\000.\0001\000\040\146\362\227\142\134\100\220\350\140\047\215\050}{chapter.3}% 25
\BOOKMARK [1][]{section.3.2}{\376\377\0003\000.\0002\000\040\122\007\136\163\227\142}{chapter.3}% 26
\BOOKMARK [1][]{section.3.3}{\376\377\0003\000.\0003\000\040\173\054\116\000\127\372\147\054\137\142\137\017\377\032\122\007\172\172\225\364\116\012\166\204\121\205\171\357}{chapter.3}% 27
\BOOKMARK [1][]{section.3.4}{\376\377\0003\000.\0004\000\040\173\054\116\214\127\372\147\054\137\142\137\017\377\032\134\035\213\325\122\073\165\073\146\362\227\142\166\204\137\057\146\362\172\013\136\246}{chapter.3}% 28
\BOOKMARK [1][]{section.3.5}{\376\377\0003\000.\0005\000\040\000G\000a\000u\000s\000s\000\040\146\362\163\207\121\215\153\041\134\035\213\325\122\073\165\073\137\057\146\362}{chapter.3}% 29
\BOOKMARK [1][]{section.3.6}{\376\377\0003\000.\0006\000\040\154\325\146\362\163\207}{chapter.3}% 30
\BOOKMARK [1][]{section.3.7}{\376\377\0003\000.\0007\000\040\000W\000e\000i\000n\000g\000a\000r\000t\000e\000n\000:\147\000\124\016\116\000\127\127\142\374\126\376}{chapter.3}% 31
\BOOKMARK [0][]{chapter.4}{\376\377\0004\000\040\162\171\153\212\146\362\227\142}{}% 32
\BOOKMARK [1][]{section.4.1}{\376\377\0004\000.\0001\000\040\117\335\225\177\133\371\136\224}{chapter.4}% 33
\BOOKMARK [1][]{section.4.2}{\376\377\0004\000.\0002\000\040\123\357\134\125\146\362\227\142}{chapter.4}% 34
\BOOKMARK [1][]{section.4.3}{\376\377\0004\000.\0003\000\040\147\201\134\017\146\362\227\142}{chapter.4}% 35
\BOOKMARK [1][]{section.4.4}{\376\377\0004\000.\0004\000\040\145\313\217\154\227\142}{chapter.4}% 36
\BOOKMARK [2][]{subsection.4.4.1}{\376\377\0004\000.\0004\000.\0001\000\040\136\070\232\330\145\257\146\362\163\207\166\204\145\313\217\154\227\142}{section.4.4}% 37
\BOOKMARK [2][]{subsection.4.4.2}{\376\377\0004\000.\0004\000.\0002\000\040\145\313\217\154\147\201\134\017\146\362\227\142}{section.4.4}% 38
\BOOKMARK [0][]{chapter.5}{\376\377\0005\000\040\146\362\176\277\213\272\127\372\147\054\133\232\164\006}{}% 39
\BOOKMARK [1][]{section.5.1}{\376\377\0005\000.\0001\000\040\155\073\122\250\150\007\147\266\154\325\124\214\146\362\227\142\127\372\147\054\145\271\172\013}{chapter.5}% 40
\BOOKMARK [2][]{subsubsection.5.1.0.1}{\376\377\0005\000.\0001\000.\0000\000.\0001\000\040\155\073\122\250\150\007\147\266\154\325}{section.5.1}% 41
