\BOOKMARK [0][]{chapter.1}{\376\377\0001\000\040\145\160\122\027}{}% 1
\BOOKMARK [1][]{section.1.1}{\376\377\0001\000.\0001\000\040\147\201\226\120\166\204\213\241\173\227}{chapter.1}% 2
\BOOKMARK [2][]{subsection.1.1.1}{\376\377\0001\000.\0001\000.\0001\000\040\000s\000t\000o\000l\000z\133\232\164\006}{section.1.1}% 3
\BOOKMARK [2][]{subsection.1.1.2}{\376\377\0001\000.\0001\000.\0002\000\040\000a\000b\000e\000l\123\330\143\142}{section.1.1}% 4
\BOOKMARK [2][]{subsection.1.1.3}{\376\377\0001\000.\0001\000.\0003\000\040\142\337\124\010\154\325}{section.1.1}% 5
\BOOKMARK [1][]{section.1.2}{\376\377\0001\000.\0002\000\040\156\020\217\333\134\125\137\000}{chapter.1}% 6
\BOOKMARK [2][]{subsection.1.2.1}{\376\377\0001\000.\0002\000.\0001\000\040\122\035\173\111\145\271\154\325}{section.1.2}% 7
\BOOKMARK [2][]{subsection.1.2.2}{\376\377\0001\000.\0002\000.\0002\000\040\217\355\116\343\145\271\154\325}{section.1.2}% 8
\BOOKMARK [2][]{subsection.1.2.3}{\376\377\0001\000.\0002\000.\0003\000\040\000L\000a\000p\000l\000a\000c\000e\145\271\154\325}{section.1.2}% 9
\BOOKMARK [1][]{section.1.3}{\376\377\0001\000.\0003\000\040\220\022\143\250\145\160\122\027\166\204\145\133\145\143\140\047\122\044\145\255}{chapter.1}% 10
\BOOKMARK [2][]{subsection.1.3.1}{\376\377\0001\000.\0003\000.\0001\000\040\123\125\214\003\140\047\122\006\147\220\145\271\154\325}{section.1.3}% 11
\BOOKMARK [2][]{subsection.1.3.2}{\376\377\0001\000.\0003\000.\0002\000\040\123\213\177\051\146\040\120\317\145\271\154\325}{section.1.3}% 12
\BOOKMARK [2][]{subsection.1.3.3}{\376\377\0001\000.\0003\000.\0003\000\040\206\333\177\121\135\345\117\134\154\325}{section.1.3}% 13
\BOOKMARK [0][]{chapter.2}{\376\377\0002\000\040\121\375\145\160}{}% 14
\BOOKMARK [1][]{section.2.1}{\376\377\0002\000.\0001\000\040\217\336\176\355\140\047\124\214\123\357\137\256\140\047}{chapter.2}% 15
\BOOKMARK [2][]{subsection.2.1.1}{\376\377\0002\000.\0001\000.\0001\000\040\133\232\116\111\154\325}{section.2.1}% 16
\BOOKMARK [2][]{subsection.2.1.2}{\376\377\0002\000.\0001\000.\0002\000\040\176\247\145\160\154\325}{section.2.1}% 17
\BOOKMARK [2][]{subsection.2.1.3}{\376\377\0002\000.\0001\000.\0003\000\040\000S\000c\000h\000w\000a\000r\000z\133\374\145\160}{section.2.1}% 18
\BOOKMARK [1][]{section.2.2}{\376\377\0002\000.\0002\000\040\116\000\201\364\217\336\176\355\140\047}{chapter.2}% 19
\BOOKMARK [1][]{section.2.3}{\376\377\0002\000.\0003\000\040\121\375\145\160\145\271\172\013}{chapter.2}% 20
\BOOKMARK [2][]{subsection.2.3.1}{\376\377\0002\000.\0003\000.\0001\000\040\147\357\211\177\145\271\172\013}{section.2.3}% 21
\BOOKMARK [2][]{subsection.2.3.2}{\376\377\0002\000.\0003\000.\0002\000\040\217\355\116\343\154\325}{section.2.3}% 22
\BOOKMARK [0][]{chapter.3}{\376\377\0003\000\040\116\000\121\103\121\375\145\160\137\256\122\006\133\146}{}% 23
\BOOKMARK [1][]{section.3.1}{\376\377\0003\000.\0001\000\040\137\256\122\006\116\055\120\074\133\232\164\006}{chapter.3}% 24
\BOOKMARK [2][]{subsection.3.1.1}{\376\377\0003\000.\0001\000.\0001\000\040\143\322\120\074\154\325}{section.3.1}% 25
\BOOKMARK [2][]{subsection.3.1.2}{\376\377\0003\000.\0001\000.\0002\000\040\000K\120\074\154\325}{section.3.1}% 26
\BOOKMARK [2][]{subsection.3.1.3}{\376\377\0003\000.\0001\000.\0003\000\040\137\256\122\006\145\271\172\013\154\325}{section.3.1}% 27
\BOOKMARK [1][]{section.3.2}{\376\377\0003\000.\0002\000\040\121\375\145\160\140\047\140\001\122\006\147\220}{chapter.3}% 28
\BOOKMARK [2][]{subsection.3.2.1}{\376\377\0003\000.\0002\000.\0001\000\040\136\070\165\050\176\323\213\272}{section.3.2}% 29
\BOOKMARK [2][]{subsection.3.2.2}{\376\377\0003\000.\0002\000.\0002\000\040\176\374\124\010\217\320\165\050}{section.3.2}% 30
\BOOKMARK [1][]{section.3.3}{\376\377\0003\000.\0003\000\040\121\375\145\160\220\074\217\321\225\356\230\230}{chapter.3}% 31
\BOOKMARK [2][]{subsection.3.3.1}{\376\377\0003\000.\0003\000.\0001\000\040\217\336\176\355\121\375\145\160\166\204\220\074\217\321}{section.3.3}% 32
\BOOKMARK [2][]{subsection.3.3.2}{\376\377\0003\000.\0003\000.\0002\000\040\123\357\171\357\121\375\145\160\166\204\220\074\217\321}{section.3.3}% 33
\BOOKMARK [0][]{chapter.4}{\376\377\0004\000\040\116\000\121\103\121\375\145\160\171\357\122\006\133\146}{}% 34
\BOOKMARK [1][]{section.4.1}{\376\377\0004\000.\0001\000\040\171\357\122\006\166\204\213\241\173\227}{chapter.4}% 35
\BOOKMARK [2][]{subsection.4.1.1}{\376\377\0004\000.\0001\000.\0001\000\040\123\072\225\364\121\215\163\260\121\154\137\017}{section.4.1}% 36
\BOOKMARK [2][]{subsection.4.1.2}{\376\377\0004\000.\0001\000.\0002\000\040\000F\000r\000o\000u\000l\000l\000a\000n\000i\171\357\122\006}{section.4.1}% 37
\BOOKMARK [2][]{subsection.4.1.3}{\376\377\0004\000.\0001\000.\0003\000\040\123\026\116\072\124\053\123\302\171\357\122\006\131\004\164\006}{section.4.1}% 38
\BOOKMARK [2][]{subsection.4.1.4}{\376\377\0004\000.\0001\000.\0004\000\040\176\247\145\160\145\271\154\325}{section.4.1}% 39
\BOOKMARK [1][]{section.4.2}{\376\377\0004\000.\0002\000\040\171\357\122\006\166\204\156\020\217\333\134\125\137\000}{chapter.4}% 40
\BOOKMARK [2][]{subsection.4.2.1}{\376\377\0004\000.\0002\000.\0001\000\040\133\232\171\357\122\006\133\232\116\111}{section.4.2}% 41
\BOOKMARK [2][]{subsection.4.2.2}{\376\377\0004\000.\0002\000.\0002\000\040\000E\000u\000l\000e\000r\000-\000M\000a\000c\000l\000a\000u\000r\000i\000n\121\154\137\017}{section.4.2}% 42
\BOOKMARK [1][]{section.4.3}{\376\377\0004\000.\0003\000\040\171\357\122\006\116\015\173\111\137\017}{chapter.4}% 43
\BOOKMARK [2][]{subsection.4.3.1}{\376\377\0004\000.\0003\000.\0001\000\040\000C\000a\000u\000c\000h\000y\116\015\173\111\137\017}{section.4.3}% 44
\BOOKMARK [2][]{subsection.4.3.2}{\376\377\0004\000.\0003\000.\0002\000\040\000J\000e\000n\000s\000e\000n\116\015\173\111\137\017}{section.4.3}% 45
\BOOKMARK [2][]{subsection.4.3.3}{\376\377\0004\000.\0003\000.\0003\000\040\000C\000h\000e\000b\000y\000s\000h\000e\000v\116\015\173\111\137\017}{section.4.3}% 46
\BOOKMARK [2][]{subsection.4.3.4}{\376\377\0004\000.\0003\000.\0004\000\040\000O\000p\000i\000a\000l\116\015\173\111\137\017}{section.4.3}% 47
\BOOKMARK [2][]{subsection.4.3.5}{\376\377\0004\000.\0003\000.\0005\000\040\000Y\000o\000u\000n\000g\116\015\173\111\137\017}{section.4.3}% 48
\BOOKMARK [2][]{subsection.4.3.6}{\376\377\0004\000.\0003\000.\0006\000\040\123\125\214\003\140\047\145\271\154\325}{section.4.3}% 49
\BOOKMARK [2][]{subsection.4.3.7}{\376\377\0004\000.\0003\000.\0007\000\040\116\055\120\074\133\232\164\006}{section.4.3}% 50
\BOOKMARK [0][]{chapter.5}{\376\377\0005\000\040\123\315\136\070\171\357\122\006}{}% 51
\BOOKMARK [1][]{section.5.1}{\376\377\0005\000.\0001\000\040\123\315\136\070\171\357\122\006\145\066\145\143\140\047\122\044\145\255}{chapter.5}% 52
\BOOKMARK [1][]{section.5.2}{\376\377\0005\000.\0002\000\040\123\315\136\070\171\357\122\006\162\171\153\212\140\047\215\050}{chapter.5}% 53
\BOOKMARK [0][]{chapter.6}{\376\377\0006\000\040\176\247\145\160}{}% 54
\BOOKMARK [1][]{section.6.1}{\376\377\0006\000.\0001\000\040\176\247\145\160\166\204\213\241\173\227}{chapter.6}% 55
\BOOKMARK [2][]{subsection.6.1.1}{\376\377\0006\000.\0001\000.\0001\000\040\121\321\135\362\167\345\121\375\145\160}{section.6.1}% 56
\BOOKMARK [2][]{subsection.6.1.2}{\376\377\0006\000.\0001\000.\0002\000\040\122\051\165\050\136\102\176\247\145\160}{section.6.1}% 57
\BOOKMARK [2][]{subsection.6.1.3}{\376\377\0006\000.\0001\000.\0003\000\040\162\171\153\212\145\271\154\325}{section.6.1}% 58
\BOOKMARK [1][]{section.6.2}{\376\377\0006\000.\0002\000\040\145\133\145\143\140\047\122\044\145\255}{chapter.6}% 59
\BOOKMARK [2][]{subsection.6.2.1}{\376\377\0006\000.\0002\000.\0001\000\040\145\160\230\171\176\247\145\160}{section.6.2}% 60
\BOOKMARK [2][]{subsection.6.2.2}{\376\377\0006\000.\0002\000.\0002\000\040\121\375\145\160\230\171\176\247\145\160}{section.6.2}% 61
\BOOKMARK [1][]{section.6.3}{\376\377\0006\000.\0003\000\040\176\374\124\010\217\320\165\050}{chapter.6}% 62
\BOOKMARK [2][]{subsection.6.3.1}{\376\377\0006\000.\0003\000.\0001\000\040\176\247\145\160\213\301\146\016}{section.6.3}% 63
\BOOKMARK [2][]{subsection.6.3.2}{\376\377\0006\000.\0003\000.\0002\000\040\136\102\176\247\145\160\166\204\226\066}{section.6.3}% 64
\BOOKMARK [2][]{subsection.6.3.3}{\376\377\0006\000.\0003\000.\0003\000\040\000T\000a\000u\000b\000e\000r\133\232\164\006}{section.6.3}% 65
\BOOKMARK [0][]{chapter.7}{\376\377\0007\000\040\131\032\121\103\137\256\171\357\122\006}{}% 66
\BOOKMARK [1][]{section.7.1}{\376\377\0007\000.\0001\000\040\217\336\176\355\140\047\124\214\123\357\137\256\140\047}{chapter.7}% 67
\BOOKMARK [1][]{section.7.2}{\376\377\0007\000.\0002\000\040\221\315\171\357\122\006\213\241\173\227}{chapter.7}% 68
\BOOKMARK [1][]{section.7.3}{\376\377\0007\000.\0003\000\040\146\362\176\277\171\357\122\006}{chapter.7}% 69
\BOOKMARK [2][]{subsection.7.3.1}{\376\377\0007\000.\0003\000.\0001\000\040\173\054\116\000\127\213\146\362\176\277\171\357\122\006}{section.7.3}% 70
\BOOKMARK [2][]{subsection.7.3.2}{\376\377\0007\000.\0003\000.\0002\000\040\173\054\116\214\127\213\146\362\176\277\171\357\122\006}{section.7.3}% 71
