\BOOKMARK [1][]{section.0.1}{\376\377\0001\000\040\000I\000n\000t\000r\000o\000d\000u\000c\000t\000i\000o\000n}{}% 1
\BOOKMARK [2][]{subsection.0.1.1}{\376\377\0001\000.\0001\000\040\000P\000r\000o\000b\000l\000e\000m\000\040\000B\000a\000c\000k\000g\000r\000o\000u\000n\000d}{section.0.1}% 2
\BOOKMARK [2][]{subsection.0.1.2}{\376\377\0001\000.\0002\000\040\000R\000e\000s\000t\000a\000t\000e\000m\000e\000n\000t\000\040\000o\000f\000\040\000t\000h\000e\000\040\000P\000r\000o\000b\000l\000e\000m}{section.0.1}% 3
\BOOKMARK [2][]{subsection.0.1.3}{\376\377\0001\000.\0003\000\040\000O\000u\000r\000\040\000W\000o\000r\000k}{section.0.1}% 4
\BOOKMARK [1][]{section.0.2}{\376\377\0002\000\040\000A\000s\000s\000u\000m\000p\000t\000i\000o\000n\000s\000\040\000a\000n\000d\000\040\000E\000x\000p\000l\000a\000n\000a\000t\000i\000o\000n\000s}{}% 5
\BOOKMARK [1][]{section.0.3}{\376\377\0003\000\040\000N\000o\000t\000a\000t\000i\000o\000n\000s}{}% 6
\BOOKMARK [1][]{section.0.4}{\376\377\0004\000\040\000M\000o\000d\000e\000l\000\040\000P\000r\000e\000p\000a\000r\000a\000t\000i\000o\000n}{}% 7
\BOOKMARK [2][]{subsection.0.4.1}{\376\377\0004\000.\0001\000\040\000D\000a\000t\000a\000\040\000O\000v\000e\000r\000v\000i\000e\000w}{section.0.4}% 8
\BOOKMARK [2][]{subsection.0.4.2}{\376\377\0004\000.\0002\000\040\000D\000a\000t\000a\000\040\000C\000o\000l\000l\000e\000c\000t\000i\000o\000n}{section.0.4}% 9
\BOOKMARK [1][]{section.0.5}{\376\377\0005\000\040\000M\000o\000d\000e\000l\000\040\000E\000s\000t\000a\000b\000l\000i\000s\000h\000m\000e\000n\000t}{}% 10
\BOOKMARK [2][]{subsection.0.5.1}{\376\377\0005\000.\0001\000\040\000M\000o\000d\000e\000l\000\040\000I\000:\000M\000o\000d\000e\000l\000\040\000o\000f\000\040\000I\000n\000t\000e\000r\000n\000a\000l\000\040\000P\000o\000p\000u\000l\000a\000t\000i\000o\000n\000\040\000R\000e\000l\000a\000t\000i\000o\000n\000s\000\040}{section.0.5}% 11
\BOOKMARK [3][]{subsubsection.0.5.1.1}{\376\377\0005\000.\0001\000.\0001\000\040\000T\000h\000e\000\040\000G\000r\000o\000w\000t\000h\000\040\000M\000o\000d\000e\000l\000\040\000o\000f\000\040\000A\000n\000\040\000I\000n\000d\000i\000v\000i\000d\000u\000a\000l\000\040\000o\000f\000\040\000A\000\040\000S\000p\000e\000c\000i\000e\000s\000\040\000i\000n\000\040\000A\000\040\000G\000i\000v\000e\000n\000\040\000A\000r\000e\000a\000\040}{subsection.0.5.1}% 12
\BOOKMARK [3][]{subsubsection.0.5.1.2}{\376\377\0005\000.\0001\000.\0002\000\040\000S\000e\000x\000\040\000D\000e\000t\000e\000r\000m\000i\000n\000a\000t\000i\000o\000n\000\040\000M\000o\000d\000e\000l\000\040}{subsection.0.5.1}% 13
\BOOKMARK [3][]{subsubsection.0.5.1.3}{\376\377\0005\000.\0001\000.\0003\000\040\000T\000h\000e\000\040\000G\000r\000o\000w\000t\000h\000\040\000M\000o\000d\000e\000l\000\040\000o\000f\000\040\000P\000o\000p\000u\000l\000a\000t\000i\000o\000n\000\040\000i\000n\000\040\000A\000\040\000G\000i\000v\000e\000n\000\040\000A\000r\000e\000a}{subsection.0.5.1}% 14
\BOOKMARK [2][]{subsection.0.5.2}{\376\377\0005\000.\0002\000\040\000M\000o\000d\000e\000l\000\040\000I\000I\000:\000\040\000I\000n\000t\000e\000r\000a\000c\000t\000i\000o\000n\000\040\000M\000o\000d\000e\000l\000\040\000b\000e\000t\000w\000e\000e\000n\000\040\000L\000a\000m\000p\000r\000e\000y\000s\000\040\000a\000n\000d\000\040\000E\000x\000t\000e\000r\000n\000a\000l\000\040\000E\000n\000v\000i\000r\000o\000n\000m\000e\000n\000t}{section.0.5}% 15
\BOOKMARK [3][]{subsubsection.0.5.2.1}{\376\377\0005\000.\0002\000.\0001\000\040\000P\000r\000e\000d\000a\000t\000i\000o\000n\000\040\000M\000o\000d\000e\000l\000\040\000o\000f\000\040\000L\000a\000m\000p\000r\000e\000y\000s}{subsection.0.5.2}% 16
\BOOKMARK [3][]{subsubsection.0.5.2.2}{\376\377\0005\000.\0002\000.\0002\000\040\000L\000a\000m\000p\000r\000e\000y\000-\000E\000n\000v\000i\000r\000o\000n\000m\000e\000n\000t\000\040\000I\000n\000t\000e\000r\000a\000c\000t\000i\000o\000n\000\040\000M\000o\000d\000e\000l}{subsection.0.5.2}% 17
\BOOKMARK [2][]{subsection.0.5.3}{\376\377\0005\000.\0003\000\040\000M\000o\000d\000e\000l\000\040\000I\000I\000I\000\040\000:\000\040\000H\000o\000s\000t\000-\000P\000a\000r\000a\000s\000i\000t\000e\000\040\000M\000o\000d\000e\000l}{section.0.5}% 18
\BOOKMARK [2][]{subsection.0.5.4}{\376\377\0005\000.\0004\000\040\000R\000e\000a\000s\000o\000n\000a\000b\000l\000e\000\040\000E\000s\000t\000i\000m\000a\000t\000i\000o\000n\000\040\000o\000f\000\040\000E\000s\000s\000e\000n\000t\000i\000a\000l\000\040\000P\000a\000r\000a\000m\000e\000t\000e\000r\000s}{section.0.5}% 19
\BOOKMARK [3][]{subsubsection.0.5.4.1}{\376\377\0005\000.\0004\000.\0001\000\040\000E\000s\000t\000i\000m\000a\000t\000i\000o\000n\000\040\000o\000f\000\040\000G\000r\000o\000w\000t\000h\000\040\000R\000a\000t\000e\000\040\000P\000a\000r\000a\000m\000e\000t\000e\000r\000s\000\040\000k}{subsection.0.5.4}% 20
\BOOKMARK [3][]{subsubsection.0.5.4.2}{\376\377\0005\000.\0004\000.\0002\000\040\000E\000s\000t\000i\000m\000a\000t\000i\000o\000n\000\040\000o\000f\000\040\000L\000o\000g\000i\000s\000t\000i\000c\000\040\000R\000e\000g\000r\000e\000s\000s\000i\000o\000n\000\040\000P\000a\000r\000a\000m\000e\000t\000e\000r\000s\000\040\0000\000\040\000a\000n\000d\000\040\0001}{subsection.0.5.4}% 21
\BOOKMARK [3][]{subsubsection.0.5.4.3}{\376\377\0005\000.\0004\000.\0003\000\040\000E\000s\000t\000i\000m\000a\000t\000i\000o\000n\000\040\000o\000f\000\040\000i\000\040\000a\000n\000d\000\040\000e\000i}{subsection.0.5.4}% 22
\BOOKMARK [1][]{section.0.6}{\376\377\0006\000\040\000M\000o\000d\000e\000l\000\040\000C\000o\000m\000p\000u\000t\000e\000d\000\040\000a\000n\000d\000\040\000R\000e\000s\000u\000l\000t\000s\000\040\000A\000n\000a\000l\000y\000s\000i\000s}{}% 23
\BOOKMARK [2][]{subsection.0.6.1}{\376\377\0006\000.\0001\000\040\000T\000h\000e\000\040\000I\000m\000p\000a\000c\000t\000\040\000o\000f\000\040\000S\000e\000x\000\040\000R\000a\000t\000i\000o\000s\000\040\000o\000n\000\040\000E\000c\000o\000s\000y\000s\000t\000e\000m\000s}{section.0.6}% 24
\BOOKMARK [3][]{subsubsection.0.6.1.1}{\376\377\0006\000.\0001\000.\0001\000\040\000E\000f\000f\000e\000c\000t\000s\000\040\000o\000n\000\040\000S\000p\000e\000c\000i\000e\000s}{subsection.0.6.1}% 25
\BOOKMARK [3][]{subsubsection.0.6.1.2}{\376\377\0006\000.\0001\000.\0002\000\040\000E\000f\000f\000e\000c\000t\000s\000\040\000o\000n\000\040\000E\000n\000v\000i\000r\000o\000n\000m\000e\000n\000t}{subsection.0.6.1}% 26
\BOOKMARK [2][]{subsection.0.6.2}{\376\377\0006\000.\0002\000\040\000T\000h\000e\000\040\000S\000t\000r\000e\000n\000g\000t\000h\000s\000\040\000a\000n\000d\000\040\000W\000e\000a\000k\000n\000e\000s\000s\000e\000s\000\040\000o\000f\000\040\000L\000a\000m\000p\000r\000e\000y\000s\000\040\000P\000o\000p\000u\000l\000a\000t\000i\000o\000n\000s}{section.0.6}% 27
\BOOKMARK [3][]{subsubsection.0.6.2.1}{\376\377\0006\000.\0002\000.\0001\000\040\000T\000h\000e\000\040\000S\000t\000r\000e\000n\000g\000t\000h\000s\000\040\000o\000f\000\040\000L\000a\000m\000p\000r\000e\000y\000s\000\040\000P\000o\000p\000u\000l\000a\000t\000i\000o\000n\000s}{subsection.0.6.2}% 28
\BOOKMARK [3][]{subsubsection.0.6.2.2}{\376\377\0006\000.\0002\000.\0002\000\040\000T\000h\000e\000\040\000W\000e\000a\000k\000n\000e\000s\000s\000e\000s\000\040\000o\000f\000\040\000L\000a\000m\000p\000r\000e\000y\000s\000\040\000P\000o\000p\000u\000l\000a\000t\000i\000o\000n\000s}{subsection.0.6.2}% 29
\BOOKMARK [2][]{subsection.0.6.3}{\376\377\0006\000.\0003\000\040\000T\000h\000e\000\040\000I\000m\000p\000a\000c\000t\000\040\000o\000f\000\040\000S\000e\000x\000\040\000R\000a\000t\000i\000o\000s\000\040\000o\000n\000\040\000E\000c\000o\000s\000y\000s\000t\000e\000m\000\040\000S\000t\000a\000b\000i\000l\000i\000t\000y}{section.0.6}% 30
\BOOKMARK [3][]{subsubsection.0.6.3.1}{\376\377\0006\000.\0003\000.\0001\000\040\000E\000c\000o\000l\000o\000g\000i\000c\000a\000l\000\040\000E\000n\000v\000i\000r\000o\000n\000m\000e\000n\000t\000\040\000S\000t\000a\000b\000i\000l\000i\000t\000y}{subsection.0.6.3}% 31
\BOOKMARK [3][]{subsubsection.0.6.3.2}{\376\377\0006\000.\0003\000.\0002\000\040\000S\000p\000e\000c\000i\000e\000s\000\040\000S\000t\000a\000b\000i\000l\000i\000t\000y}{subsection.0.6.3}% 32
\BOOKMARK [2][]{subsection.0.6.4}{\376\377\0006\000.\0004\000\040\000T\000h\000e\000\040\000I\000m\000p\000a\000c\000t\000\040\000o\000f\000\040\000E\000c\000o\000s\000y\000s\000t\000e\000m\000s\000\040\000O\000n\000\040\000P\000a\000r\000a\000s\000i\000t\000e\000s}{section.0.6}% 33
\BOOKMARK [1][]{section.0.7}{\376\377\0007\000\040\000S\000e\000n\000s\000i\000t\000i\000v\000i\000t\000y\000\040\000A\000n\000a\000l\000y\000s\000i\000s}{}% 34
\BOOKMARK [1][]{section.0.8}{\376\377\0008\000\040\000M\000o\000d\000e\000l\000\040\000E\000v\000a\000l\000u\000a\000t\000i\000o\000n}{}% 35
\BOOKMARK [2][]{subsection.0.8.1}{\376\377\0008\000.\0001\000\040\000S\000t\000r\000e\000n\000g\000t\000h\000s}{section.0.8}% 36
\BOOKMARK [2][]{subsection.0.8.2}{\376\377\0008\000.\0002\000\040\000W\000e\000a\000k\000n\000e\000s\000s\000e\000s\000\040}{section.0.8}% 37
\BOOKMARK [1][]{section.0.9}{\376\377\0009\000\040\000C\000o\000n\000c\000l\000u\000s\000i\000o\000n}{}% 38
\BOOKMARK [1][]{section.0.10}{\376\377\000R\000e\000f\000e\000r\000e\000n\000c\000e\000s}{}% 39
