\BOOKMARK [0][]{chapter.1}{\376\377\0001\000\040\156\051\136\246}{}% 1
\BOOKMARK [1][]{section.1.1}{\376\377\0001\000.\0001\000\040\133\374\133\146}{chapter.1}% 2
\BOOKMARK [1][]{section.1.2}{\376\377\0001\000.\0002\000\040\122\115\177\156\167\345\213\306}{chapter.1}% 3
\BOOKMARK [1][]{section.1.3}{\376\377\0001\000.\0003\000\040\164\006\140\363\154\024\117\123\162\266\140\001\145\271\172\013\166\204\136\224\165\050}{chapter.1}% 4
\BOOKMARK [1][]{section.1.4}{\376\377\0001\000.\0004\000\040\203\003\137\267\164\346\134\024\145\257\145\271\172\013\166\204\136\224\165\050}{chapter.1}% 5
\BOOKMARK [0][]{chapter.2}{\376\377\0002\000\040\154\024\117\123\122\006\133\120\122\250\164\006\213\272}{}% 6
\BOOKMARK [1][]{section.2.1}{\376\377\0002\000.\0001\000\040\133\374\133\146}{chapter.2}% 7
\BOOKMARK [1][]{section.2.2}{\376\377\0002\000.\0002\000\040\122\115\177\156\167\345\213\306}{chapter.2}% 8
\BOOKMARK [1][]{section.2.3}{\376\377\0002\000.\0003\000\040\116\044\116\052\121\154\137\017\166\204\136\224\165\050}{chapter.2}% 9
\BOOKMARK [0][]{chapter.3}{\376\377\0003\000\040\154\024\117\123\122\006\133\120\160\355\217\320\122\250\220\037\163\207\124\214\200\375\221\317\166\204\176\337\213\241\122\006\136\003\137\213}{}% 10
\BOOKMARK [1][]{section.3.1}{\376\377\0003\000.\0001\000\040\133\374\133\146}{chapter.3}% 11
\BOOKMARK [1][]{section.3.2}{\376\377\0003\000.\0002\000\040\122\115\177\156\167\345\213\306}{chapter.3}% 12
\BOOKMARK [1][]{section.3.3}{\376\377\0003\000.\0003\000\040\116\011\116\052\220\037\163\207\116\140\230\230}{chapter.3}% 13
\BOOKMARK [1][]{section.3.4}{\376\377\0003\000.\0004\000\040\236\246\121\113\145\257\227\346\154\024\117\123\220\037\163\207\122\006\136\003\121\375\145\160\116\140\230\230}{chapter.3}% 14
\BOOKMARK [1][]{section.3.5}{\376\377\0003\000.\0005\000\040\137\256\174\222\143\011\232\330\136\246\122\006\136\003\116\140\230\230}{chapter.3}% 15
\BOOKMARK [1][]{section.3.6}{\376\377\0003\000.\0006\000\040\200\375\127\107\122\006\133\232\164\006\116\140\230\230}{chapter.3}% 16
\BOOKMARK [0][]{chapter.4}{\376\377\0004\000\040\154\024\117\123\121\205\166\204\217\320\217\223\217\307\172\013}{}% 17
\BOOKMARK [1][]{section.4.1}{\376\377\0004\000.\0001\000\040\133\374\133\146}{chapter.4}% 18
\BOOKMARK [1][]{section.4.2}{\376\377\0004\000.\0002\000\040\122\115\177\156\167\345\213\306}{chapter.4}% 19
\BOOKMARK [1][]{section.4.3}{\376\377\0004\000.\0003\000\040\136\163\127\107\201\352\165\061\172\013\230\230\127\213}{chapter.4}% 20
\BOOKMARK [1][]{section.4.4}{\376\377\0004\000.\0004\000\040\116\011\116\052\174\373\145\160\230\230\127\213}{chapter.4}% 21
\BOOKMARK [0][]{chapter.5}{\376\377\0005\000\040\160\355\122\233\133\146\173\054\116\000\133\232\137\213}{}% 22
\BOOKMARK [1][]{section.5.1}{\376\377\0005\000.\0001\000\040\133\374\133\146}{chapter.5}% 23
\BOOKMARK [1][]{section.5.2}{\376\377\0005\000.\0002\000\040\122\115\177\156\167\345\213\306}{chapter.5}% 24
\BOOKMARK [1][]{section.5.3}{\376\377\0005\000.\0003\000\040\160\355\116\000\000+\162\151\140\001\145\271\172\013\116\140\230\230}{chapter.5}% 25
\BOOKMARK [1][]{section.5.4}{\376\377\0005\000.\0004\000\040\161\023\166\204\213\241\173\227}{chapter.5}% 26
\BOOKMARK [1][]{section.5.5}{\376\377\0005\000.\0005\000\040\137\252\163\257\217\307\172\013\116\140\230\230}{chapter.5}% 27
\BOOKMARK [1][]{section.5.6}{\376\377\0005\000.\0006\000\040\220\243\116\052\142\275\214\141\121\154\137\017\166\204\136\224\165\050\040\024\040\024\116\206\211\343\123\163\123\357}{chapter.5}% 28
\BOOKMARK [0][]{chapter.6}{\376\377\0006\000\040\160\355\122\233\133\146\173\054\116\214\133\232\137\213}{}% 29
\BOOKMARK [1][]{section.6.1}{\376\377\0006\000.\0001\000\040\133\374\133\146}{chapter.6}% 30
\BOOKMARK [1][]{section.6.2}{\376\377\0006\000.\0002\000\040\122\115\177\156\167\345\213\306}{chapter.6}% 31
