\BOOKMARK [0][]{chapter.1}{\376\377\0001\000\040\176\277\140\047\146\040\134\004}{}% 1
\BOOKMARK [1][]{section.1.1}{\376\377\0001\000.\0001\000\040\133\374\133\146}{chapter.1}% 2
\BOOKMARK [1][]{section.1.2}{\376\377\0001\000.\0002\000\040\122\115\177\156\167\345\213\306}{chapter.1}% 3
\BOOKMARK [1][]{section.1.3}{\376\377\0001\000.\0003\000\040\176\277\140\047\123\330\143\142\116\055\166\204\221\315\160\271\230\230\127\213}{chapter.1}% 4
\BOOKMARK [2][]{subsection.1.3.1}{\376\377\0001\000.\0003\000.\0001\000\040\122\051\165\050\167\351\226\065\217\333\210\114\213\301\146\016}{section.1.3}% 5
\BOOKMARK [2][]{subsection.1.3.2}{\376\377\0001\000.\0003\000.\0002\000\040\122\051\165\050\127\372\142\026\133\232\116\111\217\333\210\114\213\301\146\016}{section.1.3}% 6
\BOOKMARK [2][]{subsection.1.3.3}{\376\377\0001\000.\0003\000.\0003\000\040\116\130\171\357\123\357\116\244\143\142\166\204\123\330\143\142}{section.1.3}% 7
\BOOKMARK [2][]{subsection.1.3.4}{\376\377\0001\000.\0003\000.\0004\000\040\136\102\173\111\123\330\143\142}{section.1.3}% 8
\BOOKMARK [2][]{subsection.1.3.5}{\376\377\0001\000.\0003\000.\0005\000\040\136\102\226\366\123\330\143\142}{section.1.3}% 9
\BOOKMARK [0][]{chapter.2}{\376\377\0002\000\040\131\032\230\171\137\017}{}% 10
\BOOKMARK [1][]{section.2.1}{\376\377\0002\000.\0001\000\040\133\374\133\146}{chapter.2}% 11
\BOOKMARK [1][]{section.2.2}{\376\377\0002\000.\0002\000\040\122\115\177\156\167\345\213\306}{chapter.2}% 12
\BOOKMARK [1][]{section.2.3}{\376\377\0002\000.\0003\000\040\131\015\174\373\145\160\116\016\133\236\174\373\145\160\131\032\230\171\137\017}{chapter.2}% 13
\BOOKMARK [1][]{section.2.4}{\376\377\0002\000.\0004\000\040\147\011\164\006\174\373\145\160\124\214\145\164\174\373\145\160\131\032\230\171\137\017}{chapter.2}% 14
\BOOKMARK [1][]{section.2.5}{\376\377\0002\000.\0005\000\040\221\315\160\271\230\230\127\213}{chapter.2}% 15
\BOOKMARK [2][]{subsection.2.5.1}{\376\377\0002\000.\0005\000.\0001\000\040\147\000\131\047\121\154\126\340\137\017\140\073\176\323}{section.2.5}% 16
\BOOKMARK [2][]{subsection.2.5.2}{\376\377\0002\000.\0005\000.\0002\000\040\116\055\126\375\122\151\117\131\133\232\164\006}{section.2.5}% 17
\BOOKMARK [2][]{subsection.2.5.3}{\376\377\0002\000.\0005\000.\0003\000\040\221\315\126\340\137\017}{section.2.5}% 18
\BOOKMARK [2][]{subsection.2.5.4}{\376\377\0002\000.\0005\000.\0004\000\040\147\011\164\006\150\071\124\214\147\011\164\006\145\160\127\337\116\012\166\204\123\357\176\246\140\047}{section.2.5}% 19
\BOOKMARK [0][]{chapter.3}{\376\377\0003\000\040\162\171\137\201\120\074}{}% 20
\BOOKMARK [1][]{section.3.1}{\376\377\0003\000.\0001\000\040\133\374\133\146}{chapter.3}% 21
\BOOKMARK [1][]{section.3.2}{\376\377\0003\000.\0002\000\040\162\171\137\201\120\074\124\214\162\171\137\201\131\032\230\171\137\017}{chapter.3}% 22
\BOOKMARK [2][]{subsection.3.2.1}{\376\377\0003\000.\0002\000.\0001\000\040\122\115\177\156\167\345\213\306}{section.3.2}% 23
\BOOKMARK [2][]{subsection.3.2.2}{\376\377\0003\000.\0002\000.\0002\000\040\162\171\137\201\124\021\221\317\166\204\176\323\147\204}{section.3.2}% 24
\BOOKMARK [2][]{subsection.3.2.3}{\376\377\0003\000.\0002\000.\0003\000\040\166\370\117\074\167\351\226\065}{section.3.2}% 25
\BOOKMARK [2][]{subsection.3.2.4}{\376\377\0003\000.\0002\000.\0004\000\040\171\351\116\000\167\351\226\065}{section.3.2}% 26
\BOOKMARK [2][]{subsection.3.2.5}{\376\377\0003\000.\0002\000.\0005\000\040\117\064\226\217\167\351\226\065}{section.3.2}% 27
\BOOKMARK [2][]{subsection.3.2.6}{\376\377\0003\000.\0002\000.\0006\000\040\000A\000B\116\016\000B\000A}{section.3.2}% 28
\BOOKMARK [1][]{section.3.3}{\376\377\0003\000.\0003\000\040\123\357\133\371\211\322\123\026}{chapter.3}% 29
\BOOKMARK [1][]{section.3.4}{\376\377\0003\000.\0004\000\040\147\201\134\017\131\032\230\171\137\017}{chapter.3}% 30
\BOOKMARK [0][]{chapter.4}{\376\377\0004\000\040\166\370\117\074\150\007\121\306\137\142}{}% 31
\BOOKMARK [1][]{section.4.1}{\376\377\0004\000.\0001\000\040\133\374\133\146}{chapter.4}% 32
\BOOKMARK [1][]{section.4.2}{\376\377\0004\000.\0002\000\040\122\115\177\156\167\345\213\306}{chapter.4}% 33
\BOOKMARK [1][]{section.4.3}{\376\377\0004\000.\0003\000\040\000F\000r\000o\000b\000e\000n\000i\000u\000s\150\007\121\306\137\142\124\214\000J\000o\000r\000d\000a\000n\150\007\121\306\137\142}{chapter.4}% 34
\BOOKMARK [0][]{chapter.5}{\376\377\0005\000\040\153\047\154\017\172\172\225\364}{}% 35
\BOOKMARK [1][]{section.5.1}{\376\377\0005\000.\0001\000\040\133\374\133\146}{chapter.5}% 36
\BOOKMARK [1][]{section.5.2}{\376\377\0005\000.\0002\000\040\122\115\177\156\167\345\213\306}{chapter.5}% 37
\BOOKMARK [1][]{section.5.3}{\376\377\0005\000.\0003\000\040\153\143\116\244\167\351\226\065\140\047\215\050\140\073\176\323}{chapter.5}% 38
\BOOKMARK [1][]{section.5.4}{\376\377\0005\000.\0004\000\040\133\236\133\371\171\360\167\351\226\065\140\047\215\050\140\073\176\323}{chapter.5}% 39
\BOOKMARK [0][]{chapter.6}{\376\377\0006\000\040\116\214\153\041\127\213}{}% 40
\BOOKMARK [1][]{section.6.1}{\376\377\0006\000.\0001\000\040\133\374\212\000}{chapter.6}% 41
\BOOKMARK [1][]{section.6.2}{\376\377\0006\000.\0002\000\040\122\115\177\156\167\345\213\306}{chapter.6}% 42
\BOOKMARK [1][]{section.6.3}{\376\377\0006\000.\0003\000\040\221\315\160\271\230\230\127\213\137\122\176\263}{chapter.6}% 43
\BOOKMARK [2][]{subsection.6.3.1}{\376\377\0006\000.\0003\000.\0001\000\040\154\102\116\214\153\041\127\213\133\371\136\224\166\204\167\351\226\065}{section.6.3}% 44
\BOOKMARK [3][]{subsubsection.6.3.1.1}{\376\377\0006\000.\0003\000.\0001\000.\0001\000\040\167\351\226\065\123\357\166\364\143\245\154\102}{subsection.6.3.1}% 45
\BOOKMARK [3][]{subsubsection.6.3.1.2}{\376\377\0006\000.\0003\000.\0001\000.\0002\000\040\167\351\226\065\116\015\123\357\166\364\143\245\154\102}{subsection.6.3.1}% 46
\BOOKMARK [2][]{subsection.6.3.2}{\376\377\0006\000.\0003\000.\0002\000\040\124\010\124\014\123\330\143\142\154\325}{section.6.3}% 47
\BOOKMARK [3][]{subsubsection.6.3.2.1}{\376\377\0006\000.\0003\000.\0002\000.\0001\000\040\133\371\211\322\167\351\226\065\217\307\156\041}{subsection.6.3.2}% 48
\BOOKMARK [2][]{subsection.6.3.3}{\376\377\0006\000.\0003\000.\0003\000\040\153\143\133\232\116\214\153\041\127\213}{section.6.3}% 49
\BOOKMARK [3][]{subsubsection.6.3.3.1}{\376\377\0006\000.\0003\000.\0003\000.\0001\000\040\122\044\133\232\153\143\133\232\116\214\153\041\127\213\142\026\200\005\122\051\165\050\153\143\133\232\116\214\153\041\127\213\166\204\140\047\215\050}{subsection.6.3.3}% 50
